INFO:root:Using the end date from config file: 20991231
WARNING:root:Date range is more than one year.
INFO:root:Query and build fresh data for routes
INFO:root:(
            /* Obtain route variants based on tags and bounding box */
            relation['operator:short' = 'SH']['route' ~ '^bus$'](8.8,38.61,9.13,38.96)->.routes;

            /*  Query for related route masters */
            relation[type=route_master](br.routes)->.masters;

            /* Query for routes' geometry (ways and it's nodes) */
            way(r.routes);
            node(w);

            /* Select all result sets  */
            ( .routes;.masters;._; );

            /* Return tags for elements and roles for relation members. */
            );out body;
WARNING:root:Warning: This relation route master:
WARNING:root: https://osm.org/relation/16815233
WARNING:root: has a member which is not a valid itinerary:
WARNING:root: https://osm.org/relation/16815232
WARNING:root:Warning: This relation route master:
WARNING:root: https://osm.org/relation/16816053
WARNING:root: has a member which is not a valid itinerary:
WARNING:root: https://osm.org/relation/16816051
INFO:root:Query and build fresh data for stops
INFO:root:(
            /* Obtain route variants based on tags and bounding box */
            relation['operator:short' = 'SH']['route' ~ '^bus$'](8.8,38.61,9.13,38.96);

            /*  Query for relation elements with role platform */
            node(r:"platform")->.nodes;
            way(r:"platform");
            node(w);

            /* Select all result sets  */
            ( .nodes;._; );

            /* Return tags for elements */
            );out body;

            /* Select stop area relations */
            foreach.nodes(
            rel(bn:"platform")["public_transport"="stop_area"];
            out body;
            );
WARNING:root:OSM stop area has only one platform and can't be used as a GTFS station:
WARNING:root: https://osm.org/relation/10550061
WARNING:root:OSM stop area has only one platform and can't be used as a GTFS station:
WARNING:root: https://osm.org/relation/10354868
WARNING:root:OSM stop area has only one platform and can't be used as a GTFS station:
WARNING:root: https://osm.org/relation/10354867
WARNING:root:OSM stop area has only one platform and can't be used as a GTFS station:
WARNING:root: https://osm.org/relation/10354869
INFO:root:Agency creator: Default
INFO:root:Feed info creator: Default
INFO:root:Routes creator: et_addisababa
INFO:root:Stops creator: et_addisababa
INFO:root:Schedule creator: et_addisababa
INFO:root:Trips creator: et_addisababa
INFO:root:Added stop: Black Lion - https://osm.org/node/847244423
INFO:root:Added stop: 4 Kilo - https://osm.org/node/4832025024
INFO:root:Added stop: Sar Bet (Roundabout) - https://osm.org/node/5248250425
INFO:root:Added stop: Ambassador - https://osm.org/node/5330678521
INFO:root:Added stop: Stadium - https://osm.org/node/5736089088
INFO:root:Added stop: Mebrathail - https://osm.org/node/6251054285
INFO:root:Added stop: Asko - https://osm.org/node/6307600909
INFO:root:Added stop: Bole Printing Press - https://osm.org/node/6373574986
INFO:root:Added stop: Mexico - https://osm.org/node/6814022390
INFO:root:Added stop: Mebrat Condominium - https://osm.org/node/6967142984
INFO:root:Added stop: Mebrat - https://osm.org/node/6967165728
INFO:root:Added stop: Gofa Gebriel - https://osm.org/node/6967179322
INFO:root:Added stop: Kera (Gofa Road) - https://osm.org/node/6967179323
INFO:root:Added stop: Tewodros Square - https://osm.org/node/6967225474
INFO:root:Added stop: German Square - https://osm.org/node/6967234177
INFO:root:Added stop: Friendship Building - https://osm.org/node/6967281153
INFO:root:Added stop: Piassa (Downtown Cafe) - https://osm.org/node/6967281241
INFO:root:Added stop: Piassa Arada (2) - https://osm.org/node/6967281242
INFO:root:Added stop: Gojo - https://osm.org/node/6967318740
INFO:root:Added stop: Megenagna Terminal - https://osm.org/node/7022361366
INFO:root:Added stop: Bole Millenium - https://osm.org/node/7022397409
INFO:root:Added stop: Bole Millenium - https://osm.org/node/7022397410
INFO:root:Added stop: Goro School - https://osm.org/node/7022397411
INFO:root:Added stop: Bole Arabsa - https://osm.org/node/7022397416
INFO:root:Added stop: Bole Arabsa - https://osm.org/node/7022397417
INFO:root:Added stop: Aba Kiros Roundabout - https://osm.org/node/7022397418
INFO:root:Added stop: Yeka Abado - https://osm.org/node/7022397420
INFO:root:Added stop: Yeka Abado - https://osm.org/node/7022397421
INFO:root:Added stop: Gurara - https://osm.org/node/7037142410
INFO:root:Added stop: Marathon Motor (Megenagna) - https://osm.org/node/7037142417
INFO:root:Added stop: Biret Dildiy (Bono Wuha) - https://osm.org/node/7037142421
INFO:root:Added stop: Kokebe Tsebah School - https://osm.org/node/7037142430
INFO:root:Added stop: Kokebe Tsebah School - https://osm.org/node/7037142431
INFO:root:Added stop: British Embassy - https://osm.org/node/7037142435
INFO:root:Added stop: Abebe Sook - https://osm.org/node/7037142436
INFO:root:Added stop: Shola Gebeya - https://osm.org/node/7037142438
INFO:root:Added stop: Yeka Michael - https://osm.org/node/7037142439
INFO:root:Added stop: Megenagna - https://osm.org/node/7037142441
INFO:root:Added stop: Megenagna - https://osm.org/node/7037142442
INFO:root:Added stop: Megenagna - https://osm.org/node/7037142469
INFO:root:Added stop: Megenagna - https://osm.org/node/7037142470
INFO:root:Added stop: Abysinia Cafe Area - https://osm.org/node/7037142471
INFO:root:Added stop: Abysinia Cafe Area - https://osm.org/node/7037142472
INFO:root:Added stop: Gurd-shola - https://osm.org/node/7037142475
INFO:root:Added stop: Menaheria - https://osm.org/node/7037142476
INFO:root:Added stop: Menaheria - https://osm.org/node/7037142477
INFO:root:Added stop: Gerji Mebrat Haile - https://osm.org/node/7037142479
INFO:root:Added stop: Gerji Mebrat Haile - https://osm.org/node/7037142483
INFO:root:Added stop: Lamberet - https://osm.org/node/7037142484
INFO:root:Added stop: Lamberet Area - https://osm.org/node/7037183485
INFO:root:Added stop: Lamberet Area - https://osm.org/node/7037183487
INFO:root:Added stop: Yerer Goro - https://osm.org/node/7037183490
INFO:root:Added stop: Yerer Goro - https://osm.org/node/7037183491
INFO:root:Added stop: Se'alite Mihret Church - https://osm.org/node/7037183492
INFO:root:Added stop: Management Institute - https://osm.org/node/7037183493
INFO:root:Added stop: Sealite Mihret - https://osm.org/node/7037183494
INFO:root:Added stop: Civil Service College - https://osm.org/node/7037183495
INFO:root:Added stop: St. Michael - https://osm.org/node/7037183496
INFO:root:Added stop: St. Micheal Church - https://osm.org/node/7037183497
INFO:root:Added stop: Salite Mihret - https://osm.org/node/7037183498
INFO:root:Added stop: Hillside (Ethio-China Mebrathaile) - https://osm.org/node/7037183499
INFO:root:Added stop: Wessen Michael - https://osm.org/node/7037183501
INFO:root:Added stop: Wessen - https://osm.org/node/7037183504
INFO:root:Added stop: Wessen (Mariam) - https://osm.org/node/7037183507
INFO:root:Added stop: Yabem Hotel - https://osm.org/node/7037183509
INFO:root:Added stop: Kotebe Gebriel - https://osm.org/node/7037183510
INFO:root:Added stop: Yetebaberut - https://osm.org/node/7037183515
INFO:root:Added stop: Meri - https://osm.org/node/7037183516
INFO:root:Added stop: Meri (Yetebaberut) - https://osm.org/node/7037183518
INFO:root:Added stop: Ayat - https://osm.org/node/7037183519
INFO:root:Added stop: Medhanalem Church - https://osm.org/node/7037183523
INFO:root:Added stop: Safari - https://osm.org/node/7037183525
INFO:root:Added stop: Summit (MOHA) - https://osm.org/node/7037183527
INFO:root:Added stop: Tena Tabeya - https://osm.org/node/7037183529
INFO:root:Added stop: Gate 2 - https://osm.org/node/7037183532
INFO:root:Added stop: Ayat Train Station - https://osm.org/node/7037183535
INFO:root:Added stop: CMC - https://osm.org/node/7037183536
INFO:root:Added stop: Ayat Square - https://osm.org/node/7037183537
INFO:root:Added stop: Nebu Mikael - https://osm.org/node/7037183545
INFO:root:Added stop: Ayat Adebabay Hulet (2) - https://osm.org/node/7037183546
INFO:root:Added stop: Bole Arabsa (3) - https://osm.org/node/7037183547
INFO:root:Added stop: Bole Arabsa (2) - https://osm.org/node/7037183548
INFO:root:Added stop: Yeka Condominium 1 - https://osm.org/node/7037183552
INFO:root:Added stop: Tafo Condominium 1 - https://osm.org/node/7037183555
INFO:root:Added stop: Tafo Condominium 2 - https://osm.org/node/7037183559
INFO:root:Added stop: Kara Condominium - https://osm.org/node/7037183562
INFO:root:Added stop: Yeka Abado - https://osm.org/node/7037183563
INFO:root:Added stop: Sara Ampol (Gedera) - https://osm.org/node/7037183565
INFO:root:Added stop: Sara Ampol - https://osm.org/node/7037183567
INFO:root:Added stop: German Square - https://osm.org/node/7041052928
INFO:root:Added stop: Gebriel Bridge - https://osm.org/node/7041052932
INFO:root:Added stop: Gebriel Bridge - https://osm.org/node/7041052934
INFO:root:Added stop: Mebrathile (EEPCo) - https://osm.org/node/7041052935
INFO:root:Added stop: Sheged Hotel - https://osm.org/node/7041052938
INFO:root:Added stop: Jemo Michael - https://osm.org/node/7041052939
INFO:root:Added stop: Jemo Michael - https://osm.org/node/7041052940
INFO:root:Added stop: Jemmo 1 - https://osm.org/node/7041052944
INFO:root:Added stop: Jemmo 1 - https://osm.org/node/7041052945
INFO:root:Added stop: Jemo 3 - https://osm.org/node/7041052949
INFO:root:Added stop: Jemmo 3 - https://osm.org/node/7041052950
INFO:root:Added stop: Zenebework - https://osm.org/node/7041052951
INFO:root:Added stop: Mickael Bridge - https://osm.org/node/7041052953
INFO:root:Added stop: Gebre Kirstos - https://osm.org/node/7041052957
INFO:root:Added stop: Bisrate Gebrael - https://osm.org/node/7041052958
INFO:root:Added stop: Gofa Gebriel (2) - https://osm.org/node/7041052959
INFO:root:Added stop: MOHA (Pepsi Factory) - https://osm.org/node/7041052965
INFO:root:Added stop: Gotera (Oilibiya) - https://osm.org/node/7041052969
INFO:root:Added stop: Gotera (Oilibiya) - https://osm.org/node/7041052970
INFO:root:Added stop: kadisco Building - https://osm.org/node/7041052977
INFO:root:Added stop: kadisco Building - https://osm.org/node/7041052978
INFO:root:Added stop: Adey Abeba - https://osm.org/node/7041052980
INFO:root:Added stop: Adey Abeba - https://osm.org/node/7041052982
INFO:root:Added stop: Saris (CBE) - https://osm.org/node/7041071286
INFO:root:Added stop: Saris (CBE/Shoa Bakery) - https://osm.org/node/7041071287
INFO:root:Added stop: Abo Junction - https://osm.org/node/7041071289
INFO:root:Added stop: Abo Junction - https://osm.org/node/7041071290
INFO:root:Added stop: Customs (Train Station) - https://osm.org/node/7041071291
INFO:root:Added stop: Bulgaria Mazoria - https://osm.org/node/7041071342
INFO:root:Added stop: Begtera - https://osm.org/node/7041071344
INFO:root:Added stop: Bulgaria - https://osm.org/node/7041071350
INFO:root:Added stop: Beklo Bet (Global) - https://osm.org/node/7041071354
INFO:root:Added stop: Tele Garage - https://osm.org/node/7041071355
INFO:root:Added stop: Riche - https://osm.org/node/7041071356
INFO:root:Added stop: Filweha (Hotsprings) - https://osm.org/node/7041071360
INFO:root:Added stop: Admas University College - https://osm.org/node/7041071371
INFO:root:Added stop: Lalibela Hotel - https://osm.org/node/7041071372
INFO:root:Added stop: Mexico - https://osm.org/node/7041071380
INFO:root:Added stop: Guenet Hotel - https://osm.org/node/7041071384
INFO:root:Added stop: Guenet Hotel - https://osm.org/node/7041071385
INFO:root:Added stop: Abenet - https://osm.org/node/7041071388
INFO:root:Added stop: Darmar - https://osm.org/node/7041071390
INFO:root:Added stop: Austria Embassy - https://osm.org/node/7041071392
INFO:root:Added stop: Mechare Meda - https://osm.org/node/7041071393
INFO:root:Added stop: 3 Kutir Mazoriya (Total) - https://osm.org/node/7041071395
INFO:root:Added stop: Tor Hailoch - https://osm.org/node/7041071400
INFO:root:Added stop: Keranio Mewcha - https://osm.org/node/7041071401
INFO:root:Added stop: Meseret Edget - https://osm.org/node/7041071403
INFO:root:Added stop: Tewodros Square - https://osm.org/node/7041071406
INFO:root:Added stop: Tewodros Square - https://osm.org/node/7041071407
INFO:root:Added stop: Black Lion - https://osm.org/node/7041071411
INFO:root:Added stop: National Theatre - https://osm.org/node/7041071414
INFO:root:Added stop: National Theatre - https://osm.org/node/7041071415
INFO:root:Added stop: Buna Ena Shay - https://osm.org/node/7041071419
INFO:root:Added stop: Mexico Shebelle Hotel - https://osm.org/node/7041071423
INFO:root:Added stop: TVET College (Tegbare'd) - https://osm.org/node/7041071425
INFO:root:Added stop: Federal Police (Tegbare'd) - https://osm.org/node/7041071429
INFO:root:Added stop: Lideta Condominium - https://osm.org/node/7041071432
INFO:root:Added stop: Lideta Tsebel - https://osm.org/node/7041071433
INFO:root:Added stop: Dessie Hotel - https://osm.org/node/7041071434
INFO:root:Added stop: High Court - https://osm.org/node/7041071435
INFO:root:Added stop: Torhailoch - https://osm.org/node/7041071447
INFO:root:Added stop: Keranio Bridge - https://osm.org/node/7041071450
INFO:root:Added stop: Kokebe - https://osm.org/node/7041071453
INFO:root:Added stop: Yeshi Debele - https://osm.org/node/7041071454
INFO:root:Added stop: St. Urael Church - https://osm.org/node/7041071459
INFO:root:Added stop: Salcost Apartments (NOC) - https://osm.org/node/7041071461
INFO:root:Added stop: St. Estifanos Church - https://osm.org/node/7041071462
INFO:root:Added stop: Meles Zenawi Foundation - https://osm.org/node/7041071466
INFO:root:Added stop: Hilton Hotel (Apartments) - https://osm.org/node/7041071471
INFO:root:Added stop: Women Square - https://osm.org/node/7041071474
INFO:root:Added stop: Arat Kilo - https://osm.org/node/7041071480
INFO:root:Added stop: Bel Air - https://osm.org/node/7041071481
INFO:root:Added stop: Menelik II Hospital - https://osm.org/node/7041071483
INFO:root:Added stop: Menlik Hospital - https://osm.org/node/7041071484
INFO:root:Added stop: Piassa Arada - https://osm.org/node/7041071579
INFO:root:Added stop: Piassa Arada - https://osm.org/node/7041071580
INFO:root:Added stop: Piassa Arada - https://osm.org/node/7041071592
INFO:root:Added stop: Habtegiorgis Bridge - https://osm.org/node/7041071594
INFO:root:Added stop: Kurtu Building - https://osm.org/node/7041071596
INFO:root:Added stop: Autobis Tera (3) - https://osm.org/node/7041071599
INFO:root:Added stop: Darsema Grosery - https://osm.org/node/7041071601
INFO:root:Added stop: Sefere Salam - https://osm.org/node/7041071606
INFO:root:Added stop: Abysinia Coffee - https://osm.org/node/7041071608
INFO:root:Added stop: 18 Mazoria - https://osm.org/node/7041071610
INFO:root:Added stop: 18 Mazoria - https://osm.org/node/7041071612
INFO:root:Added stop: Luwkanda - https://osm.org/node/7041071614
INFO:root:Added stop: Realstate - https://osm.org/node/7041071616
INFO:root:Added stop: Ras Mekonene Bridge (Seba Dereja) - https://osm.org/node/7041071628
INFO:root:Added stop: 5 Kilo (History Museum) - https://osm.org/node/7041071629
INFO:root:Added stop: 5 Kilo University - https://osm.org/node/7041071630
INFO:root:Added stop: Lion Zoo (PEPSI Kiosk) - https://osm.org/node/7041071633
INFO:root:Added stop: Yekatit 12 Hospital - https://osm.org/node/7041071636
INFO:root:Added stop: Red-Cross (St. George Total) - https://osm.org/node/7041071638
INFO:root:Added stop: St. George Church (Total) - https://osm.org/node/7041071639
INFO:root:Added stop: Semen Hotel - https://osm.org/node/7041071640
INFO:root:Added stop: Kelemwerk - https://osm.org/node/7041071642
INFO:root:Added stop: Kelemwerk - https://osm.org/node/7041071643
INFO:root:Added stop: Semen Mazegaga - https://osm.org/node/7041071646
INFO:root:Added stop: Medhanialem (TOTAL) - https://osm.org/node/7041071651
INFO:root:Added stop: 3rd Shaleka - https://osm.org/node/7041071721
INFO:root:Added stop: 6 Kilo (University) - https://osm.org/node/7041071723
INFO:root:Added stop: Meksaye Hizunan Medhanialem - https://osm.org/node/7041071725
INFO:root:Added stop: Teferi Mekonen - https://osm.org/node/7041071726
INFO:root:Added stop: Dil Ber - https://osm.org/node/7041071749
INFO:root:Added stop: Sar Bet (Roundabout) - https://osm.org/node/7047495429
INFO:root:Added stop: United Bank (Ashewa Meda) - https://osm.org/node/7047495432
INFO:root:Added stop: Sefera - https://osm.org/node/7047495433
INFO:root:Added stop: Lafto - https://osm.org/node/7049122264
INFO:root:Added stop: Hana Mariam (2) - https://osm.org/node/7049122265
INFO:root:Added stop: Haile Garment - https://osm.org/node/7049122266
INFO:root:Added stop: Yekiber Demena Church - https://osm.org/node/7049921444
INFO:root:Added stop: Megenagna Terminal - https://osm.org/node/7049921445
INFO:root:Added stop: Hill Bottom (Recreation) - https://osm.org/node/7049921447
INFO:root:Added stop: Zone 8 - https://osm.org/node/7049921448
INFO:root:Added stop: Kotebe Gebriel - https://osm.org/node/7055598734
INFO:root:Added stop: St. Mary Church - https://osm.org/node/7055598738
INFO:root:Added stop: Piassa Arada - https://osm.org/node/7055598739
INFO:root:Added stop: St. Mary Church - https://osm.org/node/7055598743
INFO:root:Added stop: Meskelegna (Ababdo) - https://osm.org/node/7056754514
INFO:root:Added stop: Megenagna - https://osm.org/node/7056754516
INFO:root:Added stop: Ras Mekonene Bridge (Seba Dereja) - https://osm.org/node/7057002162
INFO:root:Added stop: Gibi Gebriel Church - https://osm.org/node/7057002163
INFO:root:Added stop: St.Gorgis - https://osm.org/node/7062689844
INFO:root:Added stop: Arat Kilo - https://osm.org/node/7062689850
INFO:root:Added stop: 4 Kilo - https://osm.org/node/7062689851
INFO:root:Added stop: Medhanialem - https://osm.org/node/7062689852
INFO:root:Added stop: Education Bureau (6 Kilo) - https://osm.org/node/7062689854
INFO:root:Added stop: Jan Meda - https://osm.org/node/7062689855
INFO:root:Added stop: Frensaye Kela - https://osm.org/node/7062689856
INFO:root:Added stop: Frensaye Kela - https://osm.org/node/7062689857
INFO:root:Added stop: Abo Mazoriya - https://osm.org/node/7062689858
INFO:root:Added stop: Gurara - https://osm.org/node/7062689859
INFO:root:Added stop: Mamo (NFSL TVET) - https://osm.org/node/7067942461
INFO:root:Added stop: Agona Cinema - https://osm.org/node/7067942462
INFO:root:Added stop: Agona Cinema - https://osm.org/node/7067942463
INFO:root:Added stop: Tele Garage - https://osm.org/node/7067942465
INFO:root:Added stop: Zerihun Building - https://osm.org/node/7067990019
INFO:root:Added stop: Friendship - https://osm.org/node/7070861697
INFO:root:Added stop: RWANDA (Werbek House) - https://osm.org/node/7070861699
INFO:root:Added stop: Rwanda - https://osm.org/node/7070861701
INFO:root:Added stop: Bole Printing Press - https://osm.org/node/7070861702
INFO:root:Added stop: Bole Printing Press - https://osm.org/node/7070861703
INFO:root:Added stop: Shewa Dabo - https://osm.org/node/7070861705
INFO:root:Added stop: Getu Commercial Center - https://osm.org/node/7070861706
INFO:root:Added stop: Dembel City Center - https://osm.org/node/7070861707
INFO:root:Added stop: Flamingo - https://osm.org/node/7070861710
INFO:root:Added stop: Piassa Arada - https://osm.org/node/7070861712
INFO:root:Added stop: Anbessa Garage - https://osm.org/node/7070861713
INFO:root:Added stop: Ayat Roundabout - https://osm.org/node/7070861714
INFO:root:Added stop: Gebriel - https://osm.org/node/7070861716
INFO:root:Added stop: Semen Mazegaja | ሰሜን ማዘጋጃ - https://osm.org/node/7074233342
INFO:root:Added stop: Del Ber School - https://osm.org/node/7074233343
INFO:root:Added stop: Adisu Gebeya - https://osm.org/node/7074233344
INFO:root:Added stop: Kelebat - https://osm.org/node/7074233345
INFO:root:Added stop: Oilibiya (Dil Ber) - https://osm.org/node/7074233346
INFO:root:Added stop: Pastor - https://osm.org/node/7074267433
INFO:root:Added stop: Medhanialem - https://osm.org/node/7074267434
INFO:root:Added stop: Winget - https://osm.org/node/7074267435
INFO:root:Added stop: Kela - https://osm.org/node/7074269464
INFO:root:Added stop: Kela - https://osm.org/node/7074269465
INFO:root:Added stop: Semen Hotel - https://osm.org/node/7074275407
INFO:root:Added stop: Kera - https://osm.org/node/7074294627
INFO:root:Added stop: Asko - https://osm.org/node/7074299254
INFO:root:Added stop: Sebategna - https://osm.org/node/7074324043
INFO:root:Added stop: Autobis Tera (2) - https://osm.org/node/7074324044
INFO:root:Added stop: Autobis Tera - https://osm.org/node/7074324045
INFO:root:Added stop: Mekanisa - https://osm.org/node/7074326525
INFO:root:Added stop: Abo Mazoria - https://osm.org/node/7074326526
INFO:root:Added stop: Gate 2 - https://osm.org/node/7074330387
INFO:root:Added stop: Tena Tabeya - https://osm.org/node/7074330389
INFO:root:Added stop: Condminium (Gate) - https://osm.org/node/7074330391
INFO:root:Added stop: Gomista - https://osm.org/node/7074330392
INFO:root:Added stop: Summit (MOHA) - https://osm.org/node/7074330394
INFO:root:Added stop: Safari - https://osm.org/node/7074330397
INFO:root:Added stop: Alemayehu - https://osm.org/node/7074330400
INFO:root:Added stop: Alemayehu - https://osm.org/node/7074330401
INFO:root:Added stop: Condominium - https://osm.org/node/7074330403
INFO:root:Added stop: Ethio-china - https://osm.org/node/7074330407
INFO:root:Added stop: Kara - https://osm.org/node/7074330409
INFO:root:Added stop: Project 15 - https://osm.org/node/7074332290
INFO:root:Added stop: Kela - https://osm.org/node/7074332294
INFO:root:Added stop: Chereta - https://osm.org/node/7074347184
INFO:root:Added stop: Sansusi - https://osm.org/node/7074387585
INFO:root:Added stop: Ashewa Meda - https://osm.org/node/7074496217
INFO:root:Added stop: Ashewa Meda - https://osm.org/node/7074496218
INFO:root:Added stop: United Bank (Ashewa Meda) - https://osm.org/node/7074496219
INFO:root:Added stop: St. Gebriel - https://osm.org/node/7074496221
INFO:root:Added stop: St. Gebriel - https://osm.org/node/7074496222
INFO:root:Added stop: Gojo - https://osm.org/node/7074496225
INFO:root:Added stop: Alem Bank - https://osm.org/node/7074504387
INFO:root:Added stop: Ayer Tena - https://osm.org/node/7074504388
INFO:root:Added stop: Bethel - https://osm.org/node/7074504390
INFO:root:Added stop: Mebrat Nigist Hotel - https://osm.org/node/7074525370
INFO:root:Added stop: Lideta Kefetega Firdbet - https://osm.org/node/7074541084
INFO:root:Added stop: Haile Garment - https://osm.org/node/7074561391
INFO:root:Added stop: Mebrathile (EEPCo) - https://osm.org/node/7074561392
INFO:root:Added stop: Hana Mariam - https://osm.org/node/7074561393
INFO:root:Added stop: Hana Mariam (2) - https://osm.org/node/7074561394
INFO:root:Added stop: Meskelgna - https://osm.org/node/7074561395
INFO:root:Added stop: Piassa Arada - https://osm.org/node/7074585943
INFO:root:Added stop: Beklo Bet (Global) - https://osm.org/node/7074599697
INFO:root:Added stop: Dembel City Center - https://osm.org/node/7074691520
INFO:root:Added stop: Mexico - https://osm.org/node/7074707878
INFO:root:Added stop: ERA Office (Big Mak) - https://osm.org/node/7074707880
INFO:root:Added stop: Saint Josphe School - https://osm.org/node/7074707881
INFO:root:Added stop: St. Estifanos Church - https://osm.org/node/7074707883
INFO:root:Added stop: Mamo (NFSL TVET) - https://osm.org/node/7074819178
INFO:root:Added stop: Kality Maseltegna - https://osm.org/node/7074841188
INFO:root:Added stop: Dildiy Mariam - https://osm.org/node/7075101457
INFO:root:Added stop: Kera (Gofa Stop) - https://osm.org/node/7075101459
INFO:root:Added stop: Tor Hailoch - https://osm.org/node/7075129253
INFO:root:Added stop: Torhayloch - https://osm.org/node/7075129254
INFO:root:Added stop: Riche - https://osm.org/node/7076294502
INFO:root:Added stop: Mebrat Condominium - https://osm.org/node/7076294503
INFO:root:Added stop: Flamingo - https://osm.org/node/7076294505
INFO:root:Added stop: Condminium (Gate) - https://osm.org/node/7076294507
INFO:root:Added stop: Michael (2) - https://osm.org/node/7076294509
INFO:root:Added stop: Shero Meda - https://osm.org/node/7076294510
INFO:root:Added stop: Shero Meda - https://osm.org/node/7076294511
INFO:root:Added stop: Dil Ber - https://osm.org/node/7076294512
INFO:root:Added stop: Shero Meda - https://osm.org/node/7076294516
INFO:root:Added stop: 6 Kilo (Akim Genbata) - https://osm.org/node/7076310930
INFO:root:Added stop: Shero Meda - https://osm.org/node/7076310931
INFO:root:Added stop: Medhanialem - https://osm.org/node/7077424942
INFO:root:Added stop: Ambassador - https://osm.org/node/7077601626
INFO:root:Added stop: Lamberet - https://osm.org/node/7077785205
INFO:root:Added stop: Kara Condominium - https://osm.org/node/7077785209
INFO:root:Added stop: Autobis Tera (2) - https://osm.org/node/7077863009
INFO:root:Added stop: Tropical - https://osm.org/node/7077863010
INFO:root:Added stop: Alem Bank - https://osm.org/node/7077863012
INFO:root:Added stop: Tropical - https://osm.org/node/7077863014
INFO:root:Added stop: Kidane Mihret - https://osm.org/node/7077863015
INFO:root:Added stop: Bethel - https://osm.org/node/7077863016
INFO:root:Added stop: Mendida - https://osm.org/node/7077863017
INFO:root:Added stop: Abinet - https://osm.org/node/7077863018
INFO:root:Added stop: Sebategna - https://osm.org/node/7077863019
INFO:root:Added stop: Mexico - https://osm.org/node/7078164250
INFO:root:Added stop: Haile Garment - https://osm.org/node/7078164251
INFO:root:Added stop: Mekanisa - https://osm.org/node/7078164254
INFO:root:Added stop: Abo Mazoria - https://osm.org/node/7078164255
INFO:root:Added stop: Mexico - https://osm.org/node/7078164256
INFO:root:Added stop: Autobis Tera (1) - https://osm.org/node/7078406225
INFO:root:Added stop: Zenebework - https://osm.org/node/7078406227
INFO:root:Added stop: Ayer Tena - https://osm.org/node/7078406228
INFO:root:Added stop: Kara Kore - https://osm.org/node/7078406231
INFO:root:Added stop: Kara Kore - https://osm.org/node/7078406235
INFO:root:Added stop: Ayer Tena (Gerar-Repi) - https://osm.org/node/7078406236
INFO:root:Added stop: Repi (Gerar) - https://osm.org/node/7078406237
INFO:root:Added stop: Zenebework (Crossing) - https://osm.org/node/7078406238
INFO:root:Added stop: 3 Kutir Mazoriya (Total) - https://osm.org/node/7078406239
INFO:root:Added stop: Autobis Tera (1) - https://osm.org/node/7078406240
INFO:root:Added stop: Condominium - https://osm.org/node/7080251773
INFO:root:Added stop: Goro School - https://osm.org/node/7080251774
INFO:root:Added stop: Anbessa Garage - https://osm.org/node/7080251776
INFO:root:Added stop: Estifanos - https://osm.org/node/7080440194
INFO:root:Added stop: BAMBIS - https://osm.org/node/7080440195
INFO:root:Added stop: St. Urael Church - https://osm.org/node/7080440196
INFO:root:Added stop: Lex Plaza - https://osm.org/node/7080440197
INFO:root:Added stop: 22 (Haya Hulet) - https://osm.org/node/7080440198
INFO:root:Added stop: Megenagna - https://osm.org/node/7080440200
INFO:root:Added stop: Megenagna - https://osm.org/node/7080440203
INFO:root:Added stop: Lem Hotel - https://osm.org/node/7080440204
INFO:root:Added stop: 22 (Haya Hulet) - https://osm.org/node/7080440205
INFO:root:Added stop: BAMBIS - https://osm.org/node/7080440206
INFO:root:Added stop: Mexico - https://osm.org/node/7080440208
INFO:root:Added stop: Mexico - https://osm.org/node/7080527282
INFO:root:Added stop: Kera - https://osm.org/node/7080527284
INFO:root:Added stop: Mebrat - https://osm.org/node/7080611085
INFO:root:Added stop: Mexico Shebelle Hotel - https://osm.org/node/7080611091
INFO:root:Added stop: Michael - https://osm.org/node/7080893992
INFO:root:Added stop: Autobis Tera - https://osm.org/node/7080893993
INFO:root:Added stop: Pastor - https://osm.org/node/7080893994
INFO:root:Added stop: Winget - https://osm.org/node/7080893995
INFO:root:Added stop: Chereta - https://osm.org/node/7080893996
INFO:root:Added stop: Sansusi - https://osm.org/node/7080894001
INFO:root:Added stop: Abo Mazoriya - https://osm.org/node/7081034797
INFO:root:Added stop: Education Bureau (6 Kilo) - https://osm.org/node/7081034799
INFO:root:Added stop: Total (Dil Ber) - https://osm.org/node/7084255331
INFO:root:Added stop: Piassa Arada - https://osm.org/node/7084255333
INFO:root:Added stop: Addisu Gebeya - https://osm.org/node/7084255334
INFO:root:Added stop: Tsion Cafe (Addisu Gebeya) - https://osm.org/node/7084255335
INFO:root:Added stop: Total (Dil Ber) - https://osm.org/node/7084255336
INFO:root:Added stop: Ummar School - https://osm.org/node/7084722454
INFO:root:Added stop: Autobis Tera (3) - https://osm.org/node/7084722456
INFO:root:Added stop: Gojam Berenda (Tefera Buillding) - https://osm.org/node/7084722457
INFO:root:Added stop: Dej. Wube (Ras Abebe School) - https://osm.org/node/7084722458
INFO:root:Added stop: Wube Bereha - https://osm.org/node/7084722459
INFO:root:Added stop: Menen - https://osm.org/node/7084722460
INFO:root:Added stop: Tsehay Chora (ShiroMeda) - https://osm.org/node/7084722461
INFO:root:Added stop: Sebategna (Taem Bakery) - https://osm.org/node/7084873006
INFO:root:Added stop: Mola Maru (Jos Hansen) - https://osm.org/node/7084873007
INFO:root:Added stop: Geja Sefer (Darmar) - https://osm.org/node/7084873008
INFO:root:Added stop: Kera (Green Market) - https://osm.org/node/7084873009
INFO:root:Added stop: Kera (Mexico Stop) - https://osm.org/node/7084873010
INFO:root:Added stop: MOHA (Pepsi Factory) - https://osm.org/node/7084873011
INFO:root:Added stop: Saris (Shoa Bakery) - https://osm.org/node/7084873012
INFO:root:Added stop: Kera (Saris Stop) - https://osm.org/node/7084873013
INFO:root:Added stop: Guenet Hotel (Orbis) - https://osm.org/node/7084873014
INFO:root:Added stop: St. Lideta Church - https://osm.org/node/7084873015
INFO:root:Added stop: Abenet (Joshansen) - https://osm.org/node/7084873016
INFO:root:Added stop: Canada Embassy - https://osm.org/node/7084932737
INFO:root:Added stop: Mechare Meda - https://osm.org/node/7084932738
INFO:root:Added stop: Bisrate Gebrael - https://osm.org/node/7084932739
INFO:root:Added stop: Zenebework (Crossing) - https://osm.org/node/7084932740
INFO:root:Added stop: Ayer Tena - https://osm.org/node/7084932741
INFO:root:Added stop: Kidane Mihret (Roundabout) - https://osm.org/node/7084932742
INFO:root:Added stop: Kidane Mihret (2) - https://osm.org/node/7084932743
INFO:root:Added stop: Augusta Bridge (Tor Hailoch) - https://osm.org/node/7084932745
INFO:root:Added stop: Mexico - https://osm.org/node/7084932747
INFO:root:Added stop: Goro Roundabout - https://osm.org/node/7098810331
INFO:root:Added stop: Kotebe Shet' - https://osm.org/node/7098810332
INFO:root:Added stop: Bole Lemi - https://osm.org/node/7098810333
INFO:root:Added stop: Endorro 2 - https://osm.org/node/7098810334
INFO:root:Added stop: Kilinto Right (Heniken) - https://osm.org/node/7098810335
INFO:root:Added stop: Koye Feche 4 - https://osm.org/node/7098810336
INFO:root:Added stop: Koye Feche 3 - https://osm.org/node/7098810337
INFO:root:Added stop: Koye Feche 2 - https://osm.org/node/7098810338
INFO:root:Added stop: Goro Roundabout - https://osm.org/node/7098810340
INFO:root:Added stop: Kotebe Shet' - https://osm.org/node/7098810341
INFO:root:Added stop: Bole Lemi - https://osm.org/node/7098810342
INFO:root:Added stop: Endorro 2 - https://osm.org/node/7098810343
INFO:root:Added stop: Endorro 1 - https://osm.org/node/7098810344
INFO:root:Added stop: kilinto (Heniken Brewery) - https://osm.org/node/7098810345
INFO:root:Added stop: Gurd-shola - https://osm.org/node/7098833728
INFO:root:Added stop: Civil Service College - https://osm.org/node/7098833729
INFO:root:Added stop: St. Michael - https://osm.org/node/7098833730
INFO:root:Added stop: Sunshine Apartments - https://osm.org/node/7098833731
INFO:root:Added stop: Gomista - https://osm.org/node/7098833732
INFO:root:Added stop: Hasset Photo - https://osm.org/node/7098833735
INFO:root:Added stop: Sunshine Apartments - https://osm.org/node/7098833736
INFO:root:Added stop: CMC (Apartments) - https://osm.org/node/7098833737
INFO:root:Added stop: St. Michael - https://osm.org/node/7098833738
INFO:root:Added stop: Merkato - https://osm.org/node/7102193971
INFO:root:Added stop: Mesalemia (Area Police) - https://osm.org/node/7102193972
INFO:root:Added stop: Luwkanda - https://osm.org/node/7102193973
INFO:root:Added stop: Comprensive - https://osm.org/node/7102193974
INFO:root:Added stop: Gefersa - https://osm.org/node/7102193975
INFO:root:Added stop: Gojo (Kela) - https://osm.org/node/7102193976
INFO:root:Added stop: Gojo (Kela) - https://osm.org/node/7102193977
INFO:root:Added stop: Gefersa (2) - https://osm.org/node/7102193978
INFO:root:Added stop: Gefersa - https://osm.org/node/7102193979
INFO:root:Added stop: Ashewa Meda (1) - https://osm.org/node/7102193980
INFO:root:Added stop: Kersa (1) - https://osm.org/node/7102193981
INFO:root:Added stop: Feli Doro (2) - https://osm.org/node/7102193982
INFO:root:Added stop: Mesalemia - https://osm.org/node/7102193983
INFO:root:Added stop: Merkato - https://osm.org/node/7102269985
INFO:root:Added stop: Ayer Tena - https://osm.org/node/7103202615
INFO:root:Added stop: German Bridge - https://osm.org/node/7103202616
INFO:root:Added stop: Mebrathile (EEPCo) - https://osm.org/node/7103202617
INFO:root:Added stop: Saris Abo - https://osm.org/node/7103202619
INFO:root:Added stop: Saris Abo - https://osm.org/node/7103202620
INFO:root:Added stop: Kality Maseltegna - https://osm.org/node/7103202621
INFO:root:Added stop: Hana Mariam (Bridge) - https://osm.org/node/7103202622
INFO:root:Added stop: Mickael Bridge - https://osm.org/node/7103202623
INFO:root:Added stop: Ayer Tena - https://osm.org/node/7103202625
INFO:root:Added stop: Bel Air - https://osm.org/node/7104888674
INFO:root:Added stop: CMC (Apartments) - https://osm.org/node/7105158906
INFO:root:Added stop: Tafo Condominium 2 - https://osm.org/node/7105158907
INFO:root:Added stop: Tafo Condominium 1 - https://osm.org/node/7105158908
INFO:root:Added stop: Mebrat (Lafto) - https://osm.org/node/7105268824
INFO:root:Added stop: Dildiy Mariam - https://osm.org/node/7105268825
INFO:root:Added stop: Lafto (Mickael) - https://osm.org/node/7105268826
INFO:root:Added stop: Lafto - https://osm.org/node/7105268828
INFO:root:Added stop: Lafto (Primary School) - https://osm.org/node/7105268830
INFO:root:Added stop: Post Office (Ambassador) - https://osm.org/node/7105398617
INFO:root:Added stop: 6 Kilo - https://osm.org/node/7105398618
INFO:root:Added stop: Teferi Mekonen - https://osm.org/node/7105398619
INFO:root:Added stop: Marathon Motor (Megenagna) - https://osm.org/node/7105584907
INFO:root:Added stop: Arat Kilo - https://osm.org/node/7105584908
INFO:root:Added stop: Piassa Arada - https://osm.org/node/7105584909
INFO:root:Added stop: Arat Kilo - https://osm.org/node/7105584911
INFO:root:Added stop: Abebe Sook - https://osm.org/node/7105584912
INFO:root:Added stop: Abune Petros - https://osm.org/node/7105840324
INFO:root:Added stop: Yohannes - https://osm.org/node/7105840325
INFO:root:Added stop: Arbegnoch Primary School - https://osm.org/node/7105840326
INFO:root:Added stop: Enqulal Fabrica - https://osm.org/node/7105840327
INFO:root:Added stop: Yohannes - https://osm.org/node/7105840330
INFO:root:Added stop: Enqulal Fabrica - https://osm.org/node/7105840331
INFO:root:Added stop: Sefera - https://osm.org/node/7107670562
INFO:root:Added stop: Mebrathile (EEPCo) - https://osm.org/node/7107670563
INFO:root:Added stop: Mekanisa Abo - https://osm.org/node/7107670564
INFO:root:Added stop: Jemmo 2 - https://osm.org/node/7107789218
INFO:root:Added stop: Piassa (Downtown Cafe) - https://osm.org/node/7107789219
INFO:root:Added stop: Jemmo 2 - https://osm.org/node/7107789220
INFO:root:Added stop: Kera - https://osm.org/node/7108224469
INFO:root:Added stop: Kazanchis (6th) - https://osm.org/node/7110438105
INFO:root:Added stop: Signal - https://osm.org/node/7110438107
INFO:root:Added stop: Dinberwa Hospital - https://osm.org/node/7110438108
INFO:root:Added stop: Lem Hotel - https://osm.org/node/7110438109
INFO:root:Added stop: Autobis Tera - https://osm.org/node/7111821015
INFO:root:Added stop: Kolfe Keranyo - https://osm.org/node/7112123462
INFO:root:Added stop: Abysinia Coffee - https://osm.org/node/7112123463
INFO:root:Added stop: Chid Tera - https://osm.org/node/7112123464
INFO:root:Added stop: Autobis Tera - https://osm.org/node/7112755342
INFO:root:Added stop: Yeka 03 - https://osm.org/node/10823916391
INFO:root:Added stop: Mexico - https://osm.org/node/11033818195
INFO:root:Added stop: Autobis Tera - https://osm.org/node/11033818200
INFO:root:Added stop: Piassa Arada - https://osm.org/node/11034015158
INFO:root:Added stop: Shero Meda - https://osm.org/node/11034031011
INFO:root:Added stop: Megenagna - https://osm.org/node/11034647605
INFO:root:Added stop: Ayer Tena - https://osm.org/node/11035502833
INFO:root:Added stop: Bisrate Gebrael - https://osm.org/node/11035532608
INFO:root:Added stop: Ayer Tena - https://osm.org/node/11035914865
INFO:root:Added stop: Sansusi - https://osm.org/node/11042897810
INFO:root:Added stop: Bole Arabsa (2) - https://osm.org/node/11043826061
INFO:root:Added stop: Nebu Mikael - https://osm.org/node/11043826062
INFO:root:Added stop: Noah Real Estate - https://osm.org/node/11043826063
INFO:root:Added stop: Aba Kiros Roundabout - https://osm.org/node/11057053412
INFO:root:Added stop: Mexico - https://osm.org/node/11401627123
INFO:root:Added stop: Mexico - https://osm.org/node/11402646171
INFO:root:Added stop: Mexico - https://osm.org/node/11412861796
INFO:root:Removed 0 unused stops
INFO:root:Removed 0 unused routes
Timezone not checked (install pytz package for timezone validation)
Generating schedule for line: 10458768
Generating schedule for line: 10460046
Generating schedule for line: 10460168
Generating schedule for line: 10460407
Generating schedule for line: 10460602
Generating schedule for line: 10460963
Generating schedule for line: 10461811
Generating schedule for line: 10465903
Generating schedule for line: 10466290
Generating schedule for line: 10466725
Generating schedule for line: 10468435
Generating schedule for line: 10469388
Generating schedule for line: 10478792
Generating schedule for line: 10479678
Generating schedule for line: 10480005
Generating schedule for line: 10480336
Generating schedule for line: 10521543
Generating schedule for line: 10521610
Generating schedule for line: 10529108
Generating schedule for line: 10529704
Generating schedule for line: 10533497
Generating schedule for line: 10533758
Generating schedule for line: 10534180
Generating schedule for line: 10534541
Generating schedule for line: 10534848
Generating schedule for line: 10535103
Generating schedule for line: 10541125
Generating schedule for line: 10541371
Generating schedule for line: 10542001
Generating schedule for line: 10542096
Generating schedule for line: 10542241
Generating schedule for line: 16086556
Generating schedule for line: 16088269
Generating schedule for line: 16088616
Generating schedule for line: 16088617
Generating schedule for line: 16088618
Generating schedule for line: 16088619
Generating schedule for line: 16814055
Generating schedule for line: 16815233
Generating schedule for line: 16815658
Generating schedule for line: 16815683
Generating schedule for line: 16816053
Generating schedule for line: 16819161
Generating schedule for line: 16820954
All services are defined on a weekly basis from 2019-12-01 to 2099-12-31 with
no single day variations. If there are exceptions such as holiday service
dates please ensure they are listed in calendar_dates.txt
The stops "St. Gebriel" (ID node/7074496222) and "St. Gebriel" (ID
node/7074496221) are 1.27m apart and probably represent the same location.
The stops "Ashewa Meda" (ID node/7074496218) and "Ashewa Meda" (ID
node/7074496217) are 1.32m apart and probably represent the same location.
The stops "Arat Kilo" (ID node/7105584908) and "Arat Kilo" (ID
node/7105584911) are 0.62m apart and probably represent the same location.
The stops "Ras Mekonene Bridge (Seba Dereja)" (ID node/7041071628) and "Ras
Mekonene Bridge (Seba Dereja)" (ID node/7057002162) are 1.14m apart and
probably represent the same location.
The stops "Kela" (ID node/7074269464) and "Kela" (ID node/7074269465) are
0.31m apart and probably represent the same location.
