INFO:root:Using the end date from config file: 20991231
WARNING:root:Date range is more than one year.
INFO:root:Query and build fresh data for routes
INFO:root:(
            /* Obtain route variants based on tags and bounding box */
            relation['operator:short' = 'AB']['route' ~ '^bus$'](8.8,38.61,9.13,38.96)->.routes;

            /*  Query for related route masters */
            relation[type=route_master](br.routes)->.masters;

            /* Query for routes' geometry (ways and it's nodes) */
            way(r.routes);
            node(w);

            /* Select all result sets  */
            ( .routes;.masters;._; );

            /* Return tags for elements and roles for relation members. */
            );out body;
WARNING:root:Route has non-matching ways: https://osm.org/relation/10550648
WARNING:root:  Problem at: https://osm.org/way/1231046554
WARNING:root:Route has non-matching ways: https://osm.org/relation/10550649
WARNING:root:  Problem at: https://osm.org/way/9717648
WARNING:root:Route has non-matching ways: https://osm.org/relation/16074206
WARNING:root:  Problem at: https://osm.org/way/9717648
WARNING:root:Route has non-matching ways: https://osm.org/relation/16074207
WARNING:root:  Problem at: https://osm.org/way/43290672
WARNING:root:Warning: This relation route master:
WARNING:root: https://osm.org/relation/16290773
WARNING:root: has a member which is not a valid itinerary:
WARNING:root: https://osm.org/relation/16290767
WARNING:root:Itinerary ID doesn't match line ID. Please fix in OSM.
WARNING:root:https://osm.org/relation/16763787
WARNING:root:Itinerary ID doesn't match line ID. Please fix in OSM.
WARNING:root:https://osm.org/relation/16763787
WARNING:root:Warning: This relation route master:
WARNING:root: https://osm.org/relation/16795336
WARNING:root: has a member which is not a valid itinerary:
WARNING:root: https://osm.org/relation/16795335
WARNING:root:Warning: This relation route master:
WARNING:root: https://osm.org/relation/16804748
WARNING:root: has a member which is not a valid itinerary:
WARNING:root: https://osm.org/relation/16804746
WARNING:root:Relation without 'ref'. Please fix in OpenStreetMap
WARNING:root: https://osm.org/relation/16807587
WARNING:root:Using 'ref' from member variant instead
WARNING:root:https://osm.org/relation/16807586
WARNING:root:Warning: This relation route master:
WARNING:root: https://osm.org/relation/16816053
WARNING:root: has a member which is not a valid itinerary:
WARNING:root: https://osm.org/relation/16816052
WARNING:root:Warning: This relation route master:
WARNING:root: https://osm.org/relation/16822706
WARNING:root: has a member which is not a valid itinerary:
WARNING:root: https://osm.org/relation/16822704
WARNING:root:Itinerary ID doesn't match line ID. Please fix in OSM.
WARNING:root:https://osm.org/relation/17011008
WARNING:root:Itinerary ID doesn't match line ID. Please fix in OSM.
WARNING:root:https://osm.org/relation/17011008
INFO:root:Query and build fresh data for stops
INFO:root:(
            /* Obtain route variants based on tags and bounding box */
            relation['operator:short' = 'AB']['route' ~ '^bus$'](8.8,38.61,9.13,38.96);

            /*  Query for relation elements with role platform */
            node(r:"platform")->.nodes;
            way(r:"platform");
            node(w);

            /* Select all result sets  */
            ( .nodes;._; );

            /* Return tags for elements */
            );out body;

            /* Select stop area relations */
            foreach.nodes(
            rel(bn:"platform")["public_transport"="stop_area"];
            out body;
            );
WARNING:root:OSM stop area has only one platform and can't be used as a GTFS station:
WARNING:root: https://osm.org/relation/10550061
WARNING:root:OSM stop area has only one platform and can't be used as a GTFS station:
WARNING:root: https://osm.org/relation/10354869
INFO:root:Agency creator: Default
INFO:root:Feed info creator: Default
INFO:root:Routes creator: et_addisababa
INFO:root:Stops creator: et_addisababa
INFO:root:Schedule creator: et_addisababa
INFO:root:Trips creator: et_addisababa
INFO:root:Added stop: Beherawi Theatre - https://osm.org/node/847244293
INFO:root:Added stop: Black Lion - https://osm.org/node/847244423
INFO:root:Added stop: 4 Kilo - https://osm.org/node/4832025024
INFO:root:Added stop: Lamberet Terminal (Bus) - https://osm.org/node/4884374622
INFO:root:Added stop: Sar Bet (Roundabout) - https://osm.org/node/5248250425
INFO:root:Added stop: Ambassador - https://osm.org/node/5330678521
INFO:root:Added stop: Stadium - https://osm.org/node/5736089088
INFO:root:Added stop: Mebrathail - https://osm.org/node/6251054285
INFO:root:Added stop: Asko - https://osm.org/node/6307600909
INFO:root:Added stop: Bole Printing Press - https://osm.org/node/6373574986
INFO:root:Added stop: German Square - https://osm.org/node/6967234177
INFO:root:Added stop: Piassa (Downtown Cafe) - https://osm.org/node/6967281241
INFO:root:Added stop: Piassa Arada (2) - https://osm.org/node/6967281242
INFO:root:Added stop: Gojo - https://osm.org/node/6967318740
INFO:root:Added stop: Megenagna Terminal - https://osm.org/node/7022361366
INFO:root:Added stop: Bole Millenium - https://osm.org/node/7022397410
INFO:root:Added stop: Goro School - https://osm.org/node/7022397411
INFO:root:Added stop: Summit Condominiums - https://osm.org/node/7022397413
INFO:root:Added stop: Summit Condominiums - https://osm.org/node/7022397414
INFO:root:Added stop: Aba Kiros Roundabout - https://osm.org/node/7022397418
INFO:root:Added stop: Yeka Abado - https://osm.org/node/7022397420
INFO:root:Added stop: Yeka Abado - https://osm.org/node/7022397421
INFO:root:Added stop: Abuare Roundabout - https://osm.org/node/7037142414
INFO:root:Added stop: Abuare Roundabout - https://osm.org/node/7037142415
INFO:root:Added stop: Marathon Motor (Megenagna) - https://osm.org/node/7037142417
INFO:root:Added stop: Yeha - https://osm.org/node/7037142419
INFO:root:Added stop: Tena Tabya - https://osm.org/node/7037142420
INFO:root:Added stop: Biret Dildiy (Bono Wuha) - https://osm.org/node/7037142421
INFO:root:Added stop: Bret Dildy (Bono Wuha) - https://osm.org/node/7037142422
INFO:root:Added stop: Atlas - https://osm.org/node/7037142423
INFO:root:Added stop: Bole Medhanialem - https://osm.org/node/7037142424
INFO:root:Added stop: Bole Medhanialem - https://osm.org/node/7037142426
INFO:root:Added stop: 24 - https://osm.org/node/7037142427
INFO:root:Added stop: Dinberwa Hospital - https://osm.org/node/7037142428
INFO:root:Added stop: Kokebe Tsebah School - https://osm.org/node/7037142430
INFO:root:Added stop: Kokebe Tsebah School - https://osm.org/node/7037142431
INFO:root:Added stop: Belgium Embassy - https://osm.org/node/7037142433
INFO:root:Added stop: British Embassy - https://osm.org/node/7037142434
INFO:root:Added stop: British Embassy - https://osm.org/node/7037142435
INFO:root:Added stop: Abebe Sook - https://osm.org/node/7037142436
INFO:root:Added stop: Shola Gebeya - https://osm.org/node/7037142438
INFO:root:Added stop: Yeka Michael - https://osm.org/node/7037142439
INFO:root:Added stop: Megenagna - https://osm.org/node/7037142441
INFO:root:Added stop: Megenagna - https://osm.org/node/7037142442
INFO:root:Added stop: Derartu - https://osm.org/node/7037142443
INFO:root:Added stop: Gelan Condominium - https://osm.org/node/7037142444
INFO:root:Added stop: 08 Adarash - https://osm.org/node/7037142445
INFO:root:Added stop: Meshuwalekia Akaki - https://osm.org/node/7037142446
INFO:root:Added stop: Akaki Beretaberet - https://osm.org/node/7037142448
INFO:root:Added stop: G7 (Tulu Dimtu) - https://osm.org/node/7037142450
INFO:root:Added stop: Tulu Dimtu Unisa - https://osm.org/node/7037142454
INFO:root:Added stop: Tulu Dimtu - https://osm.org/node/7037142455
INFO:root:Added stop: Akaki Korkoro - https://osm.org/node/7037142456
INFO:root:Added stop: Tulu Dimtu (Taf Gas Station) - https://osm.org/node/7037142459
INFO:root:Added stop: Arsema - https://osm.org/node/7037142460
INFO:root:Added stop: Selam Sefer (Tapela Gar) - https://osm.org/node/7037142461
INFO:root:Added stop: Tulu Dimtu Adebabay - https://osm.org/node/7037142462
INFO:root:Added stop: Project 12 Akababi - https://osm.org/node/7037142464
INFO:root:Added stop: Mahiber Betoch - https://osm.org/node/7037142465
INFO:root:Added stop: Bole Dildiy - https://osm.org/node/7037142466
INFO:root:Added stop: Megenagna / Zefmesh - https://osm.org/node/7037142467
INFO:root:Added stop: Megenagna - https://osm.org/node/7037142469
INFO:root:Added stop: Megenagna - https://osm.org/node/7037142470
INFO:root:Added stop: Abysinia Cafe Area - https://osm.org/node/7037142471
INFO:root:Added stop: Abysinia Cafe Area - https://osm.org/node/7037142472
INFO:root:Added stop: Century Mall - https://osm.org/node/7037142474
INFO:root:Added stop: Gurd-shola - https://osm.org/node/7037142475
INFO:root:Added stop: Menaheria - https://osm.org/node/7037142476
INFO:root:Added stop: Menaheria - https://osm.org/node/7037142477
INFO:root:Added stop: Gerji Mebrat Haile - https://osm.org/node/7037142479
INFO:root:Added stop: Gerji Mebrat Haile - https://osm.org/node/7037142483
INFO:root:Added stop: Lamberet Area - https://osm.org/node/7037183485
INFO:root:Added stop: Lamberet Area - https://osm.org/node/7037183486
INFO:root:Added stop: Lamberet Area - https://osm.org/node/7037183487
INFO:root:Added stop: Yerer Goro - https://osm.org/node/7037183490
INFO:root:Added stop: Yerer Goro - https://osm.org/node/7037183491
INFO:root:Added stop: Se'alite Mihret Church - https://osm.org/node/7037183492
INFO:root:Added stop: Management Institute - https://osm.org/node/7037183493
INFO:root:Added stop: Sealite Mihret - https://osm.org/node/7037183494
INFO:root:Added stop: Civil Service College - https://osm.org/node/7037183495
INFO:root:Added stop: St. Michael - https://osm.org/node/7037183496
INFO:root:Added stop: St. Micheal Church - https://osm.org/node/7037183497
INFO:root:Added stop: Salite Mihret - https://osm.org/node/7037183498
INFO:root:Added stop: Hillside (Ethio-China Mebrathaile) - https://osm.org/node/7037183499
INFO:root:Added stop: Wessen Michael - https://osm.org/node/7037183501
INFO:root:Added stop: Hanna Mariam - https://osm.org/node/7037183502
INFO:root:Added stop: Hanna Mariam - https://osm.org/node/7037183503
INFO:root:Added stop: Wessen - https://osm.org/node/7037183504
INFO:root:Added stop: Wessen - https://osm.org/node/7037183505
INFO:root:Added stop: Wessen (Mariam) - https://osm.org/node/7037183507
INFO:root:Added stop: Kotebe Teachers College - https://osm.org/node/7037183508
INFO:root:Added stop: Yabem Hotel - https://osm.org/node/7037183509
INFO:root:Added stop: Kotebe Gebriel - https://osm.org/node/7037183510
INFO:root:Added stop: Yetebaberut - https://osm.org/node/7037183515
INFO:root:Added stop: Meri - https://osm.org/node/7037183516
INFO:root:Added stop: Meri (Yetebaberut) - https://osm.org/node/7037183518
INFO:root:Added stop: Ayat - https://osm.org/node/7037183519
INFO:root:Added stop: Ayat Zone 2 - https://osm.org/node/7037183520
INFO:root:Added stop: Medhanalem Church - https://osm.org/node/7037183523
INFO:root:Added stop: Safari - https://osm.org/node/7037183525
INFO:root:Added stop: Summit (MOHA) - https://osm.org/node/7037183527
INFO:root:Added stop: Tena Tabeya - https://osm.org/node/7037183529
INFO:root:Added stop: Gate 2 - https://osm.org/node/7037183532
INFO:root:Added stop: Ayat Train Station - https://osm.org/node/7037183535
INFO:root:Added stop: CMC - https://osm.org/node/7037183536
INFO:root:Added stop: Ayat Square - https://osm.org/node/7037183537
INFO:root:Added stop: Feres Bet - https://osm.org/node/7037183538
INFO:root:Added stop: Police Tabia - https://osm.org/node/7037183539
INFO:root:Added stop: Tsebel - https://osm.org/node/7037183540
INFO:root:Added stop: Bono Meskid - https://osm.org/node/7037183541
INFO:root:Added stop: Ayat Chefe Condominium - https://osm.org/node/7037183542
INFO:root:Added stop: Ayat Chefe Condominium - https://osm.org/node/7037183543
INFO:root:Added stop: Yeka Condominium 1 - https://osm.org/node/7037183552
INFO:root:Added stop: Tafo Gebrael - https://osm.org/node/7037183554
INFO:root:Added stop: Tafo Condominium 1 - https://osm.org/node/7037183555
INFO:root:Added stop: Tafo Mebrathail - https://osm.org/node/7037183557
INFO:root:Added stop: Tafo Mebrathail - https://osm.org/node/7037183558
INFO:root:Added stop: Tafo Condominium 2 - https://osm.org/node/7037183559
INFO:root:Added stop: Kara Condominium - https://osm.org/node/7037183562
INFO:root:Added stop: Yeka Abado - https://osm.org/node/7037183563
INFO:root:Added stop: Sara Ampol (Gedera) - https://osm.org/node/7037183565
INFO:root:Added stop: Sara Ampol - https://osm.org/node/7037183567
INFO:root:Added stop: Aba Kiros - https://osm.org/node/7037183569
INFO:root:Added stop: Makefafeya - https://osm.org/node/7037183570
INFO:root:Added stop: Gari Tera - https://osm.org/node/7037183571
INFO:root:Added stop: CCD - https://osm.org/node/7037183572
INFO:root:Added stop: 140 - https://osm.org/node/7037183573
INFO:root:Added stop: Legedadi Mission - https://osm.org/node/7037183574
INFO:root:Added stop: Legedadi Mission - https://osm.org/node/7037183575
INFO:root:Added stop: Selam Building - https://osm.org/node/7041052894
INFO:root:Added stop: Gojo Hotel - https://osm.org/node/7041052895
INFO:root:Added stop: Cheralia Factory - https://osm.org/node/7041052897
INFO:root:Added stop: Cheralia Factory - https://osm.org/node/7041052898
INFO:root:Added stop: Kality Gebriel - https://osm.org/node/7041052900
INFO:root:Added stop: Kality Prison - https://osm.org/node/7041052901
INFO:root:Added stop: Hana Maryam - https://osm.org/node/7041052912
INFO:root:Added stop: Tabelew - https://osm.org/node/7041052914
INFO:root:Added stop: Alem Gena - https://osm.org/node/7041052916
INFO:root:Added stop: Alem Gena - https://osm.org/node/7041052917
INFO:root:Added stop: Mekanisa (Old Revenues Office) - https://osm.org/node/7041052927
INFO:root:Added stop: German Square - https://osm.org/node/7041052928
INFO:root:Added stop: Gebriel Bridge - https://osm.org/node/7041052932
INFO:root:Added stop: Gebriel Bridge - https://osm.org/node/7041052934
INFO:root:Added stop: Mebrathile (EEPCo) - https://osm.org/node/7041052935
INFO:root:Added stop: Mekanisa School - https://osm.org/node/7041052936
INFO:root:Added stop: Abo - https://osm.org/node/7041052937
INFO:root:Added stop: Sheged Hotel - https://osm.org/node/7041052938
INFO:root:Added stop: Jemo Michael - https://osm.org/node/7041052939
INFO:root:Added stop: Jemo Michael - https://osm.org/node/7041052940
INFO:root:Added stop: Jemo YBP (All Mart) - https://osm.org/node/7041052942
INFO:root:Added stop: Jemmo 1 - https://osm.org/node/7041052944
INFO:root:Added stop: Jemmo 1 - https://osm.org/node/7041052945
INFO:root:Added stop: Mestawet Fabrica - https://osm.org/node/7041052946
INFO:root:Added stop: Mestawet Fabrica - https://osm.org/node/7041052948
INFO:root:Added stop: Jemo 3 - https://osm.org/node/7041052949
INFO:root:Added stop: Jemmo 3 - https://osm.org/node/7041052950
INFO:root:Added stop: Zenebework - https://osm.org/node/7041052951
INFO:root:Added stop: Welete Maryam - https://osm.org/node/7041052952
INFO:root:Added stop: Mickael Bridge - https://osm.org/node/7041052953
INFO:root:Added stop: Gerar - https://osm.org/node/7041052954
INFO:root:Added stop: Repi (Gerar) - https://osm.org/node/7041052955
INFO:root:Added stop: Gebre Kirstos - https://osm.org/node/7041052957
INFO:root:Added stop: Bisrate Gebrael - https://osm.org/node/7041052958
INFO:root:Added stop: Gotera (Oilibiya) - https://osm.org/node/7041052969
INFO:root:Added stop: Gotera (Oilibiya) - https://osm.org/node/7041052970
INFO:root:Added stop: St. Joseph Church - https://osm.org/node/7041052975
INFO:root:Added stop: kadisco Building - https://osm.org/node/7041052977
INFO:root:Added stop: kadisco Building - https://osm.org/node/7041052978
INFO:root:Added stop: Kadisco - https://osm.org/node/7041052979
INFO:root:Added stop: Adey Abeba - https://osm.org/node/7041052980
INFO:root:Added stop: Adey Abeba - https://osm.org/node/7041052982
INFO:root:Added stop: Saris (CBE) - https://osm.org/node/7041071286
INFO:root:Added stop: Saris (CBE/Shoa Bakery) - https://osm.org/node/7041071287
INFO:root:Added stop: Abo Junction - https://osm.org/node/7041071289
INFO:root:Added stop: Abo Junction - https://osm.org/node/7041071290
INFO:root:Added stop: Customs (Train Station) - https://osm.org/node/7041071291
INFO:root:Added stop: Kality Maseltegna - https://osm.org/node/7041071295
INFO:root:Added stop: Wehalemat - https://osm.org/node/7041071296
INFO:root:Added stop: Bulgaria Mazoria - https://osm.org/node/7041071342
INFO:root:Added stop: Begtera - https://osm.org/node/7041071344
INFO:root:Added stop: AU (Mikael) Rounrdabout - https://osm.org/node/7041071347
INFO:root:Added stop: AU (Mikael) Rounrdabout - https://osm.org/node/7041071348
INFO:root:Added stop: Bulgaria - https://osm.org/node/7041071350
INFO:root:Added stop: Global Hotel - https://osm.org/node/7041071352
INFO:root:Added stop: Global Hotel - https://osm.org/node/7041071353
INFO:root:Added stop: Tele Garage - https://osm.org/node/7041071355
INFO:root:Added stop: Riche - https://osm.org/node/7041071356
INFO:root:Added stop: 6th (Raddison Blu) - https://osm.org/node/7041071359
INFO:root:Added stop: Filweha (Hotsprings) - https://osm.org/node/7041071360
INFO:root:Added stop: Filweha (Hotsprings) - https://osm.org/node/7041071362
INFO:root:Added stop: Ghion Hotel (Enterance) - https://osm.org/node/7041071364
INFO:root:Added stop: St. Joseph School - https://osm.org/node/7041071367
INFO:root:Added stop: St. Joseph School - https://osm.org/node/7041071370
INFO:root:Added stop: Admas University College - https://osm.org/node/7041071371
INFO:root:Added stop: Lalibela Hotel - https://osm.org/node/7041071372
INFO:root:Added stop: Stadium - https://osm.org/node/7041071374
INFO:root:Added stop: Legehar - https://osm.org/node/7041071376
INFO:root:Added stop: Legehar - https://osm.org/node/7041071377
INFO:root:Added stop: Legehar (Old Train Station) - https://osm.org/node/7041071378
INFO:root:Added stop: Mexico - https://osm.org/node/7041071380
INFO:root:Added stop: African Union - https://osm.org/node/7041071382
INFO:root:Added stop: Popolare - https://osm.org/node/7041071383
INFO:root:Added stop: Guenet Hotel - https://osm.org/node/7041071384
INFO:root:Added stop: Guenet Hotel - https://osm.org/node/7041071385
INFO:root:Added stop: Abenet - https://osm.org/node/7041071388
INFO:root:Added stop: Lideta Condominium - https://osm.org/node/7041071389
INFO:root:Added stop: Darmar - https://osm.org/node/7041071390
INFO:root:Added stop: Austria Embassy - https://osm.org/node/7041071392
INFO:root:Added stop: Mechare Meda - https://osm.org/node/7041071393
INFO:root:Added stop: 3 Kutir Mazoriya (Total) - https://osm.org/node/7041071395
INFO:root:Added stop: Minaye Building - https://osm.org/node/7041071397
INFO:root:Added stop: Old Airport (Mobil) - https://osm.org/node/7041071399
INFO:root:Added stop: Tor Hailoch - https://osm.org/node/7041071400
INFO:root:Added stop: Keranio Mewcha - https://osm.org/node/7041071401
INFO:root:Added stop: Holand - https://osm.org/node/7041071402
INFO:root:Added stop: Meseret Edget - https://osm.org/node/7041071403
INFO:root:Added stop: Tewodros Square - https://osm.org/node/7041071406
INFO:root:Added stop: Tewodros Square - https://osm.org/node/7041071407
INFO:root:Added stop: Black Lion - https://osm.org/node/7041071411
INFO:root:Added stop: National Theatre - https://osm.org/node/7041071414
INFO:root:Added stop: National Theatre - https://osm.org/node/7041071415
INFO:root:Added stop: A.A. Commercial College - https://osm.org/node/7041071416
INFO:root:Added stop: A.A. Commercial College - https://osm.org/node/7041071418
INFO:root:Added stop: Buna Ena Shay - https://osm.org/node/7041071419
INFO:root:Added stop: Buna Ena Shay - https://osm.org/node/7041071420
INFO:root:Added stop: Mexico Shebelle Hotel - https://osm.org/node/7041071423
INFO:root:Added stop: TVET College (Tegbare'd) - https://osm.org/node/7041071425
INFO:root:Added stop: Federal Police (Tegbare'd) - https://osm.org/node/7041071429
INFO:root:Added stop: Lideta (Balcha Hospital) - https://osm.org/node/7041071430
INFO:root:Added stop: Lideta (Balcha Hospital) - https://osm.org/node/7041071431
INFO:root:Added stop: Lideta Condominium - https://osm.org/node/7041071432
INFO:root:Added stop: Lideta Tsebel - https://osm.org/node/7041071433
INFO:root:Added stop: Dessie Hotel - https://osm.org/node/7041071434
INFO:root:Added stop: High Court - https://osm.org/node/7041071435
INFO:root:Added stop: Lideta High Court - https://osm.org/node/7041071437
INFO:root:Added stop: Hintsa College - https://osm.org/node/7041071439
INFO:root:Added stop: Coca Cafe - https://osm.org/node/7041071441
INFO:root:Added stop: Mekonenoch (Golf) Club - https://osm.org/node/7041071444
INFO:root:Added stop: Tor Hailoch Junction - https://osm.org/node/7041071446
INFO:root:Added stop: Torhailoch - https://osm.org/node/7041071447
INFO:root:Added stop: Tor Hailoch - https://osm.org/node/7041071448
INFO:root:Added stop: Tor Hailoch - https://osm.org/node/7041071449
INFO:root:Added stop: Keranio Bridge - https://osm.org/node/7041071450
INFO:root:Added stop: Medhanialem - https://osm.org/node/7041071451
INFO:root:Added stop: Keranio Adebabay - https://osm.org/node/7041071452
INFO:root:Added stop: Kokebe - https://osm.org/node/7041071453
INFO:root:Added stop: Yeshi Debele - https://osm.org/node/7041071454
INFO:root:Added stop: Yeshi Debele - https://osm.org/node/7041071455
INFO:root:Added stop: Mariam - https://osm.org/node/7041071456
INFO:root:Added stop: Anfo Meda - https://osm.org/node/7041071458
INFO:root:Added stop: St. Urael Church - https://osm.org/node/7041071459
INFO:root:Added stop: St. Estifanos Church - https://osm.org/node/7041071462
INFO:root:Added stop: St. Gebriel - https://osm.org/node/7041071464
INFO:root:Added stop: Zenebewerk Hotel - https://osm.org/node/7041071465
INFO:root:Added stop: Meles Zenawi Foundation - https://osm.org/node/7041071466
INFO:root:Added stop: Azmari Bet (Traditional Music Club) - https://osm.org/node/7041071468
INFO:root:Added stop: Kazanchis (6th) - https://osm.org/node/7041071469
INFO:root:Added stop: Hilton Hotel (Apartments) - https://osm.org/node/7041071471
INFO:root:Added stop: Women Square - https://osm.org/node/7041071473
INFO:root:Added stop: Women Square - https://osm.org/node/7041071474
INFO:root:Added stop: Aware Bridge - https://osm.org/node/7041071475
INFO:root:Added stop: Arat Kilo - https://osm.org/node/7041071479
INFO:root:Added stop: Arat Kilo - https://osm.org/node/7041071480
INFO:root:Added stop: Bel Air - https://osm.org/node/7041071481
INFO:root:Added stop: Addis View Hotel - https://osm.org/node/7041071482
INFO:root:Added stop: Menelik II Hospital - https://osm.org/node/7041071483
INFO:root:Added stop: Menlik Hospital - https://osm.org/node/7041071484
INFO:root:Added stop: Piassa Arada - https://osm.org/node/7041071579
INFO:root:Added stop: Piassa Arada - https://osm.org/node/7041071580
INFO:root:Added stop: Piassa Arada - https://osm.org/node/7041071592
INFO:root:Added stop: Habtegiorgis Bridge - https://osm.org/node/7041071594
INFO:root:Added stop: Kurtu Building - https://osm.org/node/7041071595
INFO:root:Added stop: Kurtu Building - https://osm.org/node/7041071596
INFO:root:Added stop: Pharmacy - https://osm.org/node/7041071597
INFO:root:Added stop: Gojam Berenda - https://osm.org/node/7041071598
INFO:root:Added stop: Autobis Tera (3) - https://osm.org/node/7041071599
INFO:root:Added stop: Autobus Tera - https://osm.org/node/7041071600
INFO:root:Added stop: Darsema Grosery - https://osm.org/node/7041071601
INFO:root:Added stop: Millenium School - https://osm.org/node/7041071602
INFO:root:Added stop: Girum Hospital - https://osm.org/node/7041071604
INFO:root:Added stop: Woreda 7 TVET - https://osm.org/node/7041071605
INFO:root:Added stop: Sefere Salam - https://osm.org/node/7041071606
INFO:root:Added stop: Kolfe - https://osm.org/node/7041071607
INFO:root:Added stop: Abysinia Coffee - https://osm.org/node/7041071608
INFO:root:Added stop: Degu Hotel - https://osm.org/node/7041071609
INFO:root:Added stop: 18 Mazoria - https://osm.org/node/7041071610
INFO:root:Added stop: 18 Mazoria - https://osm.org/node/7041071612
INFO:root:Added stop: Luwkanda - https://osm.org/node/7041071614
INFO:root:Added stop: Kolfe Secondary School - https://osm.org/node/7041071615
INFO:root:Added stop: Realstate - https://osm.org/node/7041071616
INFO:root:Added stop: Police Tabiya - https://osm.org/node/7041071619
INFO:root:Added stop: Feli Doro (1) - https://osm.org/node/7041071620
INFO:root:Added stop: Feli Doro - https://osm.org/node/7041071622
INFO:root:Added stop: Ras Mekonene Bridge (Seba Dereja) - https://osm.org/node/7041071628
INFO:root:Added stop: 5 Kilo (History Museum) - https://osm.org/node/7041071629
INFO:root:Added stop: 5 Kilo University - https://osm.org/node/7041071630
INFO:root:Added stop: Lion Zoo (PEPSI Kiosk) - https://osm.org/node/7041071633
INFO:root:Added stop: Yekatit 12 Hospital - https://osm.org/node/7041071636
INFO:root:Added stop: Yeatit 12 Hospital - https://osm.org/node/7041071637
INFO:root:Added stop: Red-Cross (St. George Total) - https://osm.org/node/7041071638
INFO:root:Added stop: St. George Church (Total) - https://osm.org/node/7041071639
INFO:root:Added stop: Semen Hotel - https://osm.org/node/7041071640
INFO:root:Added stop: Semen Hotel - https://osm.org/node/7041071641
INFO:root:Added stop: Kelemwerk - https://osm.org/node/7041071642
INFO:root:Added stop: Kelemwerk - https://osm.org/node/7041071643
INFO:root:Added stop: Tibeb Ediget School - https://osm.org/node/7041071645
INFO:root:Added stop: Semen Mazegaga - https://osm.org/node/7041071646
INFO:root:Added stop: Semen Mazagaja - https://osm.org/node/7041071647
INFO:root:Added stop: Shegole Bank - https://osm.org/node/7041071648
INFO:root:Added stop: Pawlos Hospital - https://osm.org/node/7041071649
INFO:root:Added stop: Finance - https://osm.org/node/7041071650
INFO:root:Added stop: Medhanialem (TOTAL) - https://osm.org/node/7041071651
INFO:root:Added stop: Finance - https://osm.org/node/7041071653
INFO:root:Added stop: Finance - https://osm.org/node/7041071654
INFO:root:Added stop: Winget Chaf - https://osm.org/node/7041071655
INFO:root:Added stop: 4 Menta Adebabay - https://osm.org/node/7041071657
INFO:root:Added stop: Mikili Land - https://osm.org/node/7041071658
INFO:root:Added stop: Winget Adebabay - https://osm.org/node/7041071659
INFO:root:Added stop: Awolia - https://osm.org/node/7041071660
INFO:root:Added stop: Gulele Fana - https://osm.org/node/7041071661
INFO:root:Added stop: Gulele Fana - https://osm.org/node/7041071662
INFO:root:Added stop: Berchiko - https://osm.org/node/7041071663
INFO:root:Added stop: Gebriel (Sansusi) - https://osm.org/node/7041071665
INFO:root:Added stop: Bono Weha - https://osm.org/node/7041071718
INFO:root:Added stop: Mezan - https://osm.org/node/7041071719
INFO:root:Added stop: 3rd Shaleka - https://osm.org/node/7041071721
INFO:root:Added stop: 6 Kilo (University) - https://osm.org/node/7041071723
INFO:root:Added stop: Meksaye Hizunan Medhanialem - https://osm.org/node/7041071725
INFO:root:Added stop: Teferi Mekonen - https://osm.org/node/7041071726
INFO:root:Added stop: Sebseba Maekel - https://osm.org/node/7041071729
INFO:root:Added stop: Eyesus - https://osm.org/node/7041071737
INFO:root:Added stop: Hamle 19 - https://osm.org/node/7041071738
INFO:root:Added stop: Dil Ber - https://osm.org/node/7041071749
INFO:root:Added stop: Anbessa Garage (Shegole) - https://osm.org/node/7041071753
INFO:root:Added stop: Kebt Beret - https://osm.org/node/7041071754
INFO:root:Added stop: Entoto Kela - https://osm.org/node/7041071755
INFO:root:Added stop: Weserbi Realestate - https://osm.org/node/7041071758
INFO:root:Added stop: Classy Water - https://osm.org/node/7041071759
INFO:root:Added stop: Medret Hotel - https://osm.org/node/7041071760
INFO:root:Added stop: Kburea - https://osm.org/node/7041071761
INFO:root:Added stop: Kenenisa - https://osm.org/node/7041071762
INFO:root:Added stop: Shefunea - https://osm.org/node/7041071763
INFO:root:Added stop: Shefine - https://osm.org/node/7041071764
INFO:root:Added stop: Doro Erbata - https://osm.org/node/7041071772
INFO:root:Added stop: Abo Gabriel - https://osm.org/node/7041071773
INFO:root:Added stop: Tulu Fati - https://osm.org/node/7041071774
INFO:root:Added stop: Ashewa - https://osm.org/node/7041071775
INFO:root:Added stop: Tabya Hotel - https://osm.org/node/7041071776
INFO:root:Added stop: Sar Bet (Roundabout) - https://osm.org/node/7047495429
INFO:root:Added stop: United Bank (Ashewa Meda) - https://osm.org/node/7047495432
INFO:root:Added stop: Sefera - https://osm.org/node/7047495433
INFO:root:Added stop: Haile Garment - https://osm.org/node/7049122266
INFO:root:Added stop: Yekiber Demena Church - https://osm.org/node/7049921444
INFO:root:Added stop: Megenagna Terminal - https://osm.org/node/7049921445
INFO:root:Added stop: Hill Bottom (Recreation) - https://osm.org/node/7049921447
INFO:root:Added stop: Zone 8 - https://osm.org/node/7049921448
INFO:root:Added stop: Aba Kiros (Tafo) Roundabout - https://osm.org/node/7049921449
INFO:root:Added stop: Tafo Junction - https://osm.org/node/7050234123
INFO:root:Added stop: Megenagna Terminal - https://osm.org/node/7050327664
INFO:root:Added stop: 6 Kilo - https://osm.org/node/7054842410
INFO:root:Added stop: 6 Kilo - https://osm.org/node/7054842414
INFO:root:Added stop: Legehar (Old Train Station) - https://osm.org/node/7055060064
INFO:root:Added stop: Kotebe Gebriel - https://osm.org/node/7055598734
INFO:root:Added stop: Ahmed Building - https://osm.org/node/7055598736
INFO:root:Added stop: St. Mary Church - https://osm.org/node/7055598738
INFO:root:Added stop: Piassa Arada - https://osm.org/node/7055598739
INFO:root:Added stop: Piassa Arada - https://osm.org/node/7055598742
INFO:root:Added stop: St. Mary Church - https://osm.org/node/7055598743
INFO:root:Added stop: NOC End - https://osm.org/node/7055598744
INFO:root:Added stop: Kotebe Teachers College - https://osm.org/node/7056754511
INFO:root:Added stop: Meskelegna (Ababdo) - https://osm.org/node/7056754514
INFO:root:Added stop: Megenagna - https://osm.org/node/7056754516
INFO:root:Added stop: Atlas - https://osm.org/node/7057002158
INFO:root:Added stop: Piassa Arada - https://osm.org/node/7057002161
INFO:root:Added stop: Ras Mekonene Bridge (Seba Dereja) - https://osm.org/node/7057002162
INFO:root:Added stop: Gibi Gebriel Church - https://osm.org/node/7057002163
INFO:root:Added stop: Brass Clinic (Bole) - https://osm.org/node/7057187392
INFO:root:Added stop: Brass Clinic (Bole) - https://osm.org/node/7057187393
INFO:root:Added stop: St.Gorgis - https://osm.org/node/7062689844
INFO:root:Added stop: St. George Church (2) - https://osm.org/node/7062689845
INFO:root:Added stop: Arat Kilo - https://osm.org/node/7062689850
INFO:root:Added stop: 4 Kilo - https://osm.org/node/7062689851
INFO:root:Added stop: Education Bureau (6 Kilo) - https://osm.org/node/7062689854
INFO:root:Added stop: Jan Meda - https://osm.org/node/7062689855
INFO:root:Added stop: Frensaye Kela - https://osm.org/node/7062689856
INFO:root:Added stop: Frensaye Kela - https://osm.org/node/7062689857
INFO:root:Added stop: Abo Mazoriya - https://osm.org/node/7062689858
INFO:root:Added stop: Gurara - https://osm.org/node/7062689859
INFO:root:Added stop: Mamo (NFSL TVET) - https://osm.org/node/7067942461
INFO:root:Added stop: Agona Cinema - https://osm.org/node/7067942462
INFO:root:Added stop: Agona Cinema - https://osm.org/node/7067942463
INFO:root:Added stop: Tele Garage - https://osm.org/node/7067942465
INFO:root:Added stop: Zerihun Building - https://osm.org/node/7067990019
INFO:root:Added stop: 6th (Raddison Blu) - https://osm.org/node/7067990020
INFO:root:Added stop: National Palace - https://osm.org/node/7070861695
INFO:root:Added stop: SNAP Building - https://osm.org/node/7070861696
INFO:root:Added stop: Friendship - https://osm.org/node/7070861697
INFO:root:Added stop: Heber Restaurant - https://osm.org/node/7070861698
INFO:root:Added stop: Rwanda - https://osm.org/node/7070861701
INFO:root:Added stop: Bole Printing Press - https://osm.org/node/7070861702
INFO:root:Added stop: Mega Printing Press - https://osm.org/node/7070861704
INFO:root:Added stop: Getu Commercial Center - https://osm.org/node/7070861706
INFO:root:Added stop: Piassa Arada - https://osm.org/node/7070861712
INFO:root:Added stop: Anbessa Garage - https://osm.org/node/7070861713
INFO:root:Added stop: Ayat Roundabout - https://osm.org/node/7070861714
INFO:root:Added stop: Gebriel - https://osm.org/node/7070861716
INFO:root:Added stop: Semen Mazegaja | ሰሜን ማዘጋጃ - https://osm.org/node/7074233342
INFO:root:Added stop: Del Ber School - https://osm.org/node/7074233343
INFO:root:Added stop: Adisu Gebeya - https://osm.org/node/7074233344
INFO:root:Added stop: Kelebat - https://osm.org/node/7074233345
INFO:root:Added stop: Oilibiya (Dil Ber) - https://osm.org/node/7074233346
INFO:root:Added stop: Pastor - https://osm.org/node/7074267433
INFO:root:Added stop: Medhanialem - https://osm.org/node/7074267434
INFO:root:Added stop: Winget - https://osm.org/node/7074267435
INFO:root:Added stop: Kela - https://osm.org/node/7074269464
INFO:root:Added stop: Semen Hotel - https://osm.org/node/7074275407
INFO:root:Added stop: Kera - https://osm.org/node/7074294627
INFO:root:Added stop: Asko - https://osm.org/node/7074299254
INFO:root:Added stop: Sebategna - https://osm.org/node/7074324043
INFO:root:Added stop: Autobis Tera - https://osm.org/node/7074324045
INFO:root:Added stop: Mekanisa - https://osm.org/node/7074326525
INFO:root:Added stop: Abo Mazoria - https://osm.org/node/7074326526
INFO:root:Added stop: Gate 2 - https://osm.org/node/7074330387
INFO:root:Added stop: Tena Tabeya - https://osm.org/node/7074330389
INFO:root:Added stop: Condminium (Gate) - https://osm.org/node/7074330391
INFO:root:Added stop: Gomista - https://osm.org/node/7074330392
INFO:root:Added stop: Summit (MOHA) - https://osm.org/node/7074330394
INFO:root:Added stop: Safari - https://osm.org/node/7074330397
INFO:root:Added stop: Alemayehu - https://osm.org/node/7074330400
INFO:root:Added stop: Condominium - https://osm.org/node/7074330403
INFO:root:Added stop: Ethio-china - https://osm.org/node/7074330407
INFO:root:Added stop: Kara - https://osm.org/node/7074330409
INFO:root:Added stop: Chereta - https://osm.org/node/7074347184
INFO:root:Added stop: Gerar - https://osm.org/node/7074353066
INFO:root:Added stop: Sansusi - https://osm.org/node/7074387585
INFO:root:Added stop: Kersa (2) - https://osm.org/node/7074496216
INFO:root:Added stop: United Bank (Ashewa Meda) - https://osm.org/node/7074496219
INFO:root:Added stop: St. Gebriel - https://osm.org/node/7074496222
INFO:root:Added stop: Gojo - https://osm.org/node/7074496225
INFO:root:Added stop: Alem Bank - https://osm.org/node/7074504387
INFO:root:Added stop: Ayer Tena - https://osm.org/node/7074504388
INFO:root:Added stop: Bethel - https://osm.org/node/7074504390
INFO:root:Added stop: Mendida - https://osm.org/node/7074504392
INFO:root:Added stop: Lideta Kefetega Firdbet - https://osm.org/node/7074541084
INFO:root:Added stop: Sefera Square - https://osm.org/node/7074561389
INFO:root:Added stop: Haile Garment - https://osm.org/node/7074561391
INFO:root:Added stop: Mebrathile (EEPCo) - https://osm.org/node/7074561392
INFO:root:Added stop: Hana Mariam - https://osm.org/node/7074561393
INFO:root:Added stop: Piassa Arada - https://osm.org/node/7074585943
INFO:root:Added stop: Arat Kilo - https://osm.org/node/7074585944
INFO:root:Added stop: Beklo Bet (Global) - https://osm.org/node/7074599697
INFO:root:Added stop: Mexico - https://osm.org/node/7074707878
INFO:root:Added stop: ERA Office (Big Mak) - https://osm.org/node/7074707880
INFO:root:Added stop: St. Estifanos Church - https://osm.org/node/7074707883
INFO:root:Added stop: Mamo (NFSL TVET) - https://osm.org/node/7074819178
INFO:root:Added stop: Kality Maseltegna - https://osm.org/node/7074841188
INFO:root:Added stop: Tor Hailoch - https://osm.org/node/7075129253
INFO:root:Added stop: Tor Hailoch - https://osm.org/node/7075129255
INFO:root:Added stop: Riche - https://osm.org/node/7076294502
INFO:root:Added stop: Kadisco - https://osm.org/node/7076294504
INFO:root:Added stop: Flamingo - https://osm.org/node/7076294505
INFO:root:Added stop: Condminium (Gate) - https://osm.org/node/7076294507
INFO:root:Added stop: Sara Ampol (Gedera) - https://osm.org/node/7076294508
INFO:root:Added stop: Shero Meda - https://osm.org/node/7076294510
INFO:root:Added stop: Shero Meda - https://osm.org/node/7076294516
INFO:root:Added stop: Shero Meda - https://osm.org/node/7076310931
INFO:root:Added stop: Medhanialem - https://osm.org/node/7077424942
INFO:root:Added stop: Ambassador - https://osm.org/node/7077601626
INFO:root:Added stop: Kara Condominium - https://osm.org/node/7077785206
INFO:root:Added stop: Autobis Tera (2) - https://osm.org/node/7077863009
INFO:root:Added stop: Tropical - https://osm.org/node/7077863010
INFO:root:Added stop: Alem Bank - https://osm.org/node/7077863012
INFO:root:Added stop: Tropical - https://osm.org/node/7077863014
INFO:root:Added stop: Bethel - https://osm.org/node/7077863016
INFO:root:Added stop: Mendida - https://osm.org/node/7077863017
INFO:root:Added stop: Abinet - https://osm.org/node/7077863018
INFO:root:Added stop: Sebategna - https://osm.org/node/7077863019
INFO:root:Added stop: Mexico - https://osm.org/node/7078164250
INFO:root:Added stop: Haile Garment - https://osm.org/node/7078164251
INFO:root:Added stop: Mekanisa - https://osm.org/node/7078164254
INFO:root:Added stop: Abo Mazoria - https://osm.org/node/7078164255
INFO:root:Added stop: Mexico - https://osm.org/node/7078164256
INFO:root:Added stop: Autobis Tera (1) - https://osm.org/node/7078406225
INFO:root:Added stop: Zenebework - https://osm.org/node/7078406227
INFO:root:Added stop: Ayer Tena - https://osm.org/node/7078406228
INFO:root:Added stop: Repi (Gerar) - https://osm.org/node/7078406237
INFO:root:Added stop: Zenebework (Crossing) - https://osm.org/node/7078406238
INFO:root:Added stop: 3 Kutir Mazoriya (Total) - https://osm.org/node/7078406239
INFO:root:Added stop: Condominium - https://osm.org/node/7080251773
INFO:root:Added stop: Anbessa Garage - https://osm.org/node/7080251776
INFO:root:Added stop: Estifanos - https://osm.org/node/7080440194
INFO:root:Added stop: St. Urael Church - https://osm.org/node/7080440196
INFO:root:Added stop: Lex Plaza - https://osm.org/node/7080440197
INFO:root:Added stop: Lem Hotel - https://osm.org/node/7080440204
INFO:root:Added stop: 22 (Haya Hulet) - https://osm.org/node/7080440205
INFO:root:Added stop: BAMBIS - https://osm.org/node/7080440206
INFO:root:Added stop: Mexico - https://osm.org/node/7080440208
INFO:root:Added stop: Mexico - https://osm.org/node/7080527282
INFO:root:Added stop: Mexico Shebelle Hotel - https://osm.org/node/7080611091
INFO:root:Added stop: Autobis Tera - https://osm.org/node/7080893993
INFO:root:Added stop: Pastor - https://osm.org/node/7080893994
INFO:root:Added stop: Winget - https://osm.org/node/7080893995
INFO:root:Added stop: Chereta - https://osm.org/node/7080893996
INFO:root:Added stop: Sansusi - https://osm.org/node/7080894001
INFO:root:Added stop: 5 Kilo (History Museum) - https://osm.org/node/7081034796
INFO:root:Added stop: Abo Mazoriya - https://osm.org/node/7081034797
INFO:root:Added stop: Education Bureau (6 Kilo) - https://osm.org/node/7081034799
INFO:root:Added stop: Total (Dil Ber) - https://osm.org/node/7084255331
INFO:root:Added stop: Addisu Gebeya - https://osm.org/node/7084255334
INFO:root:Added stop: Tsion Cafe (Addisu Gebeya) - https://osm.org/node/7084255335
INFO:root:Added stop: Total (Dil Ber) - https://osm.org/node/7084255336
INFO:root:Added stop: Ummar School - https://osm.org/node/7084722454
INFO:root:Added stop: Autobis Tera (3) - https://osm.org/node/7084722456
INFO:root:Added stop: Gojam Berenda (Tefera Buillding) - https://osm.org/node/7084722457
INFO:root:Added stop: Dej. Wube (Ras Abebe School) - https://osm.org/node/7084722458
INFO:root:Added stop: Wube Bereha - https://osm.org/node/7084722459
INFO:root:Added stop: Sebategna (Taem Bakery) - https://osm.org/node/7084873006
INFO:root:Added stop: MOHA (Pepsi Factory) - https://osm.org/node/7084873011
INFO:root:Added stop: Kera (Saris Stop) - https://osm.org/node/7084873013
INFO:root:Added stop: Guenet Hotel (Orbis) - https://osm.org/node/7084873014
INFO:root:Added stop: St. Lideta Church - https://osm.org/node/7084873015
INFO:root:Added stop: Abenet (Joshansen) - https://osm.org/node/7084873016
INFO:root:Added stop: Canada Embassy - https://osm.org/node/7084932737
INFO:root:Added stop: Mechare Meda - https://osm.org/node/7084932738
INFO:root:Added stop: Bisrate Gebrael - https://osm.org/node/7084932739
INFO:root:Added stop: Zenebework (Crossing) - https://osm.org/node/7084932740
INFO:root:Added stop: Ayer Tena - https://osm.org/node/7084932741
INFO:root:Added stop: Kidane Mihret (Roundabout) - https://osm.org/node/7084932742
INFO:root:Added stop: Kidane Mihret (2) - https://osm.org/node/7084932743
INFO:root:Added stop: Augusta Bridge (Tor Hailoch) - https://osm.org/node/7084932745
INFO:root:Added stop: Kilinto Right (Heniken) - https://osm.org/node/7098810335
INFO:root:Added stop: kilinto (Heniken Brewery) - https://osm.org/node/7098810345
INFO:root:Added stop: Gurd-shola - https://osm.org/node/7098833728
INFO:root:Added stop: Civil Service College - https://osm.org/node/7098833729
INFO:root:Added stop: St. Michael - https://osm.org/node/7098833730
INFO:root:Added stop: Sunshine Apartments - https://osm.org/node/7098833731
INFO:root:Added stop: Hasset Photo - https://osm.org/node/7098833735
INFO:root:Added stop: Sunshine Apartments - https://osm.org/node/7098833736
INFO:root:Added stop: CMC (Apartments) - https://osm.org/node/7098833737
INFO:root:Added stop: St. Michael - https://osm.org/node/7098833738
INFO:root:Added stop: Mesalemia (Area Police) - https://osm.org/node/7102193972
INFO:root:Added stop: Luwkanda - https://osm.org/node/7102193973
INFO:root:Added stop: Comprensive - https://osm.org/node/7102193974
INFO:root:Added stop: Gefersa - https://osm.org/node/7102193975
INFO:root:Added stop: Gojo (Kela) - https://osm.org/node/7102193976
INFO:root:Added stop: Gojo (Kela) - https://osm.org/node/7102193977
INFO:root:Added stop: Gefersa (2) - https://osm.org/node/7102193978
INFO:root:Added stop: Gefersa - https://osm.org/node/7102193979
INFO:root:Added stop: Ashewa Meda (1) - https://osm.org/node/7102193980
INFO:root:Added stop: Kersa (1) - https://osm.org/node/7102193981
INFO:root:Added stop: Feli Doro (2) - https://osm.org/node/7102193982
INFO:root:Added stop: Mesalemia - https://osm.org/node/7102193983
INFO:root:Added stop: Merkato - https://osm.org/node/7102269985
INFO:root:Added stop: Ayer Tena - https://osm.org/node/7103202615
INFO:root:Added stop: German Bridge - https://osm.org/node/7103202616
INFO:root:Added stop: Mebrathile (EEPCo) - https://osm.org/node/7103202617
INFO:root:Added stop: Saris Abo - https://osm.org/node/7103202619
INFO:root:Added stop: Saris Abo - https://osm.org/node/7103202620
INFO:root:Added stop: Kality Maseltegna - https://osm.org/node/7103202621
INFO:root:Added stop: Mickael Bridge - https://osm.org/node/7103202623
INFO:root:Added stop: Bel Air - https://osm.org/node/7104888674
INFO:root:Added stop: CMC (Apartments) - https://osm.org/node/7105158906
INFO:root:Added stop: Tafo Condominium 2 - https://osm.org/node/7105158907
INFO:root:Added stop: Tafo Condominium 1 - https://osm.org/node/7105158908
INFO:root:Added stop: Post Office (Ambassador) - https://osm.org/node/7105398617
INFO:root:Added stop: 6 Kilo - https://osm.org/node/7105398618
INFO:root:Added stop: Teferi Mekonen - https://osm.org/node/7105398619
INFO:root:Added stop: Marathon Motor (Megenagna) - https://osm.org/node/7105584907
INFO:root:Added stop: Piassa Arada - https://osm.org/node/7105584909
INFO:root:Added stop: Arat Kilo - https://osm.org/node/7105584911
INFO:root:Added stop: Abebe Sook - https://osm.org/node/7105584912
INFO:root:Added stop: Abune Petros - https://osm.org/node/7105840324
INFO:root:Added stop: Yohannes - https://osm.org/node/7105840325
INFO:root:Added stop: Arbegnoch Primary School - https://osm.org/node/7105840326
INFO:root:Added stop: Enqulal Fabrica - https://osm.org/node/7105840327
INFO:root:Added stop: Yohannes - https://osm.org/node/7105840330
INFO:root:Added stop: Enqulal Fabrica - https://osm.org/node/7105840331
INFO:root:Added stop: Sefera - https://osm.org/node/7107670562
INFO:root:Added stop: Mebrathile (EEPCo) - https://osm.org/node/7107670563
INFO:root:Added stop: Mekanisa Abo - https://osm.org/node/7107670564
INFO:root:Added stop: Piassa (Downtown Cafe) - https://osm.org/node/7107789219
INFO:root:Added stop: Kera - https://osm.org/node/7108224469
INFO:root:Added stop: 6th (Raddison Blu) - https://osm.org/node/7110438104
INFO:root:Added stop: Kazanchis (6th) - https://osm.org/node/7110438105
INFO:root:Added stop: Aware Roundabout - https://osm.org/node/7110438106
INFO:root:Added stop: Signal - https://osm.org/node/7110438107
INFO:root:Added stop: Dinberwa Hospital - https://osm.org/node/7110438108
INFO:root:Added stop: Lem Hotel - https://osm.org/node/7110438109
INFO:root:Added stop: Lamberet (Queens) - https://osm.org/node/7110438110
INFO:root:Added stop: Kotebe 01 - https://osm.org/node/7110438111
INFO:root:Added stop: Kotebe 01 - https://osm.org/node/7110438113
INFO:root:Added stop: Shola (United Bank) - https://osm.org/node/7110438114
INFO:root:Added stop: Sumeya Mosque - https://osm.org/node/7110438115
INFO:root:Added stop: Signal - https://osm.org/node/7110438116
INFO:root:Added stop: Kality (Correctional Facility) - https://osm.org/node/7110725254
INFO:root:Added stop: Kality Meneharia - https://osm.org/node/7110725256
INFO:root:Added stop: Arat Kilo - https://osm.org/node/7111821010
INFO:root:Added stop: Piassa (EPPCO) - https://osm.org/node/7111821011
INFO:root:Added stop: Autobis Tera - https://osm.org/node/7111821013
INFO:root:Added stop: Autobis Tera - https://osm.org/node/7111821015
INFO:root:Added stop: Dinberwa Hospital (1) - https://osm.org/node/7111821016
INFO:root:Added stop: Chid Tera - https://osm.org/node/7112123457
INFO:root:Added stop: Mebrathail - https://osm.org/node/7112123458
INFO:root:Added stop: Kolfe Keranyo - https://osm.org/node/7112123459
INFO:root:Added stop: Keranio Bridge - https://osm.org/node/7112123460
INFO:root:Added stop: Kolfe Keranyo - https://osm.org/node/7112123462
INFO:root:Added stop: Abysinia Coffee - https://osm.org/node/7112123463
INFO:root:Added stop: Chid Tera - https://osm.org/node/7112123464
INFO:root:Added stop: Old Airport (Mobil) - https://osm.org/node/7112215078
INFO:root:Added stop: Minaye (Shoa Supermarket) - https://osm.org/node/7112215079
INFO:root:Added stop: Holand - https://osm.org/node/7112215080
INFO:root:Added stop: 18 Mazoria (Atena Tera) - https://osm.org/node/7112215081
INFO:root:Added stop: Atena Tera - https://osm.org/node/7112215082
INFO:root:Added stop: Winget TVET - https://osm.org/node/7112215083
INFO:root:Added stop: Winget - https://osm.org/node/7112215084
INFO:root:Added stop: Winget - https://osm.org/node/7112280388
INFO:root:Added stop: Winget TVET - https://osm.org/node/7112280389
INFO:root:Added stop: kolfe (Atena Tera) - https://osm.org/node/7112280390
INFO:root:Added stop: Atena Tera - https://osm.org/node/7112280391
INFO:root:Added stop: 18 Mazoria (Atena Tera) - https://osm.org/node/7112280392
INFO:root:Added stop: Meseret Edget - https://osm.org/node/7112280393
INFO:root:Added stop: Augusta Bridge (Tor Hailoch) - https://osm.org/node/7112280394
INFO:root:Added stop: Mahiber Betoch - https://osm.org/node/7112648156
INFO:root:Added stop: Project 12 Akababi - https://osm.org/node/7112648157
INFO:root:Added stop: G7 (Tulu Dimtu) - https://osm.org/node/7112648158
INFO:root:Added stop: Belay Ab Moters - https://osm.org/node/7112648159
INFO:root:Added stop: Gelan Condominium - https://osm.org/node/7112648160
INFO:root:Added stop: Kality Total - https://osm.org/node/7112648161
INFO:root:Added stop: Akaki Subcity Office (Menaheria) - https://osm.org/node/7112648162
INFO:root:Added stop: Kality (Correctional Facility) - https://osm.org/node/7112648163
INFO:root:Added stop: Techtra Engineering - https://osm.org/node/7112648164
INFO:root:Added stop: Adey Abeba - https://osm.org/node/7112648165
INFO:root:Added stop: Kality Maseltegna - https://osm.org/node/7112648166
INFO:root:Added stop: Wehalemat - https://osm.org/node/7112648167
INFO:root:Added stop: Awash Bank (Akaki Kality) - https://osm.org/node/7112648168
INFO:root:Added stop: Gelan Condominium - https://osm.org/node/7112648169
INFO:root:Added stop: Belay Ab Moters - https://osm.org/node/7112648170
INFO:root:Added stop: TAF Oil (Tulu Dimtu) - https://osm.org/node/7112648172
INFO:root:Added stop: Autobis Tera - https://osm.org/node/7112755340
INFO:root:Added stop: Autobis Tera - https://osm.org/node/7112755342
INFO:root:Added stop: Girum Hospital - https://osm.org/node/7113004009
INFO:root:Added stop: Ras Hailu (Medhanialem) - https://osm.org/node/7113004010
INFO:root:Added stop: Awolia - https://osm.org/node/7113004011
INFO:root:Added stop: Bercheko Fabrica (Asko) - https://osm.org/node/7113004012
INFO:root:Added stop: Gulele - https://osm.org/node/7113004013
INFO:root:Added stop: Ras Hailu (Medhanialem) - https://osm.org/node/7113004014
INFO:root:Added stop: Woreda 7 TVET - https://osm.org/node/7113004015
INFO:root:Added stop: Chid Tera - https://osm.org/node/7113004016
INFO:root:Added stop: Autobis Tera - https://osm.org/node/7113004018
INFO:root:Added stop: Michael (2) - https://osm.org/node/7113004020
INFO:root:Added stop: Pawlos Hospital (Saba Mosque) - https://osm.org/node/7113004021
INFO:root:Added stop: Anbessa Garage (Shegole) - https://osm.org/node/7113004022
INFO:root:Added stop: Shegole (Mender 7) - https://osm.org/node/7113004024
INFO:root:Added stop: Shegole (Mender 7) - https://osm.org/node/7113004026
INFO:root:Added stop: Hassen & Hussein Mosque (Shegole) - https://osm.org/node/7113004027
INFO:root:Added stop: Shegole Bank - https://osm.org/node/7113004028
INFO:root:Added stop: Michael - https://osm.org/node/7113004029
INFO:root:Added stop: Eyesus - https://osm.org/node/7113158623
INFO:root:Added stop: Gurd Shola - https://osm.org/node/7123180297
INFO:root:Added stop: 4 Kilo Minilik School - https://osm.org/node/7214490240
INFO:root:Added stop: Kality Menaheriya - https://osm.org/node/7214490241
INFO:root:Added stop: Holeta - https://osm.org/node/10672522047
INFO:root:Added stop: Delta Fuel Station - https://osm.org/node/10672721751
INFO:root:Added stop: Sidama Awash NOC - https://osm.org/node/10672739809
INFO:root:Added stop: Atlas Resort - https://osm.org/node/10672739811
INFO:root:Added stop: ODDA Fuel Station - https://osm.org/node/10672739815
INFO:root:Added stop: 3 Kutir (TZNA Area) - https://osm.org/node/10672961242
INFO:root:Added stop: Lideta High Court - https://osm.org/node/10672961244
INFO:root:Added stop: Ayer Tena - https://osm.org/node/10750378219
INFO:root:Added stop: St. Estifanos - https://osm.org/node/10766121864
INFO:root:Added stop: Place Parking (Gibi Gebriel) - https://osm.org/node/10766121867
INFO:root:Added stop: Wollo Sefer - https://osm.org/node/10766121869
INFO:root:Added stop: Bole Mikael - https://osm.org/node/10766121871
INFO:root:Added stop: kality Maseltegna - https://osm.org/node/10766121873
INFO:root:Added stop: kality Meneharia - https://osm.org/node/10766121874
INFO:root:Added stop: Bole Roundabout - https://osm.org/node/10766454594
INFO:root:Added stop: African Union - https://osm.org/node/10768858718
INFO:root:Added stop: Autobis Tera - https://osm.org/node/10768858719
INFO:root:Added stop: Guenet Hotel (Orbis) - https://osm.org/node/10768858720
INFO:root:Added stop: German Square - https://osm.org/node/10768858723
INFO:root:Added stop: Arat Kilo - https://osm.org/node/10781643821
INFO:root:Added stop: 4 kilo (Children Theatre) - https://osm.org/node/10781643822
INFO:root:Added stop: Bel Air - https://osm.org/node/10781643823
INFO:root:Added stop: Kebena - https://osm.org/node/10781643824
INFO:root:Added stop: Kokebe Tsebah (Kebena) - https://osm.org/node/10781643825
INFO:root:Added stop: Kenya Embassy (Kebena) - https://osm.org/node/10781643826
INFO:root:Added stop: British Embassy - https://osm.org/node/10781643827
INFO:root:Added stop: Abebe Sook - https://osm.org/node/10781643828
INFO:root:Added stop: Shola (Yeka Court) - https://osm.org/node/10781643829
INFO:root:Added stop: Shola Abyssinia Bank - https://osm.org/node/10781643830
INFO:root:Added stop: Megenagna (Marathon Motors) - https://osm.org/node/10781643831
INFO:root:Added stop: Megenagna - https://osm.org/node/10781643832
INFO:root:Added stop: Abebe Sook - https://osm.org/node/10781844855
INFO:root:Added stop: British Embassy - https://osm.org/node/10781844856
INFO:root:Added stop: 5 Kilo St. Mary - https://osm.org/node/10781844857
INFO:root:Added stop: Kenya Embassy (Kebena) - https://osm.org/node/10781844861
INFO:root:Added stop: Yeka 03 - https://osm.org/node/10823916391
INFO:root:Added stop: kality Maseltegna - https://osm.org/node/10842065103
INFO:root:Added stop: Bole Cargo - https://osm.org/node/10842129019
INFO:root:Added stop: Kality Menaheria - https://osm.org/node/10842129023
INFO:root:Added stop: Derartu - https://osm.org/node/10842129027
INFO:root:Added stop: Kality Total - https://osm.org/node/10842129029
INFO:root:Added stop: Kality Gebriel - https://osm.org/node/10842129048
INFO:root:Added stop: Sheger building - https://osm.org/node/10842129055
INFO:root:Added stop: Bulgaria - https://osm.org/node/10842129057
INFO:root:Added stop: Tele Garage - https://osm.org/node/10842129060
INFO:root:Added stop: Adey abada - https://osm.org/node/10842129066
INFO:root:Added stop: Kality Cheralia - https://osm.org/node/10842129088
INFO:root:Added stop: Lancha - https://osm.org/node/10842129090
INFO:root:Added stop: Kera - https://osm.org/node/10842129105
INFO:root:Added stop: Agona - https://osm.org/node/10842129106
INFO:root:Added stop: Riche - https://osm.org/node/10842129112
INFO:root:Added stop: Wuhalimat - https://osm.org/node/10842129139
INFO:root:Added stop: Saris Abo - https://osm.org/node/10845731580
INFO:root:Added stop: Legehar - https://osm.org/node/10845731581
INFO:root:Added stop: Kality Customs - https://osm.org/node/10845731583
INFO:root:Added stop: Gojam Berenda - https://osm.org/node/10845731584
INFO:root:Added stop: Gojam Berenda - https://osm.org/node/10845731585
INFO:root:Added stop: Autobus Tera - https://osm.org/node/10845731590
INFO:root:Added stop: Beg Tera - https://osm.org/node/10845731593
INFO:root:Added stop: Beg Tera - https://osm.org/node/10845731602
INFO:root:Added stop: Bulgaria - https://osm.org/node/10845749005
INFO:root:Added stop: Kality Meneharia - https://osm.org/node/11033818190
INFO:root:Added stop: Kality Maseltegna - https://osm.org/node/11033818192
INFO:root:Added stop: AU (Mikael) Rounrdabout - https://osm.org/node/11033818193
INFO:root:Added stop: Mexico - https://osm.org/node/11033818195
INFO:root:Added stop: Mexico - https://osm.org/node/11033818196
INFO:root:Added stop: Bulgaria Mazoria - https://osm.org/node/11033818197
INFO:root:Added stop: Autobis Tera - https://osm.org/node/11033818199
INFO:root:Added stop: Autobis Tera - https://osm.org/node/11033818200
INFO:root:Added stop: Kera - https://osm.org/node/11033903482
INFO:root:Added stop: Saris Abo - https://osm.org/node/11034015157
INFO:root:Added stop: Piassa Arada - https://osm.org/node/11034015158
INFO:root:Added stop: Autobis Tera - https://osm.org/node/11034031010
INFO:root:Added stop: Shero Meda - https://osm.org/node/11034031011
INFO:root:Added stop: Tsehay Chora (ShiroMeda) - https://osm.org/node/11034031012
INFO:root:Added stop: Abune Petros - https://osm.org/node/11034031013
INFO:root:Added stop: Arat Kilo - https://osm.org/node/11034209866
INFO:root:Added stop: Kara Kore - https://osm.org/node/11034280233
INFO:root:Added stop: Ayer Tena - https://osm.org/node/11034280234
INFO:root:Added stop: Kara Kore - https://osm.org/node/11034280236
INFO:root:Added stop: Lion Zoo (PEPSI Kiosk) - https://osm.org/node/11034427397
INFO:root:Added stop: Abo Mazoriya - https://osm.org/node/11034427398
INFO:root:Added stop: Yeha - https://osm.org/node/11034427399
INFO:root:Added stop: Gurara - https://osm.org/node/11034427400
INFO:root:Added stop: Gurara - https://osm.org/node/11034427401
INFO:root:Added stop: Saris - https://osm.org/node/11034511605
INFO:root:Added stop: Saris - https://osm.org/node/11034511606
INFO:root:Added stop: Autobis Tera - https://osm.org/node/11034611751
INFO:root:Added stop: Megenagna - https://osm.org/node/11034647605
INFO:root:Added stop: Torhailoch - https://osm.org/node/11035234709
INFO:root:Added stop: Millenium School - https://osm.org/node/11035240259
INFO:root:Added stop: Degu Hotel - https://osm.org/node/11035240261
INFO:root:Added stop: Philiphs (Lomi Meda) - https://osm.org/node/11035240263
INFO:root:Added stop: Philiphs (Lomi Meda) - https://osm.org/node/11035240264
INFO:root:Added stop: Ayer Tena - https://osm.org/node/11035502832
INFO:root:Added stop: Ayer Tena - https://osm.org/node/11035502833
INFO:root:Added stop: Bisrate Gebrael - https://osm.org/node/11035532608
INFO:root:Added stop: Zenebewerk Hotel - https://osm.org/node/11035607129
INFO:root:Added stop: Estifanos - https://osm.org/node/11035607130
INFO:root:Added stop: Lideta Condominium - https://osm.org/node/11035607131
INFO:root:Added stop: Zenebework - https://osm.org/node/11035662205
INFO:root:Added stop: Darmar - https://osm.org/node/11035734852
INFO:root:Added stop: Hana Maryam - https://osm.org/node/11035734855
INFO:root:Added stop: Bercheko Condominium - https://osm.org/node/11035818337
INFO:root:Added stop: Alem Gena - https://osm.org/node/11035914858
INFO:root:Added stop: Noc - https://osm.org/node/11035914859
INFO:root:Added stop: Noc - https://osm.org/node/11035914860
INFO:root:Added stop: Weleta Tele - https://osm.org/node/11035914861
INFO:root:Added stop: Weleta - https://osm.org/node/11035914862
INFO:root:Added stop: Weleta - https://osm.org/node/11035914863
INFO:root:Added stop: Weleta Tele - https://osm.org/node/11035914864
INFO:root:Added stop: Ayer Tena - https://osm.org/node/11035914865
INFO:root:Added stop: Ayer Tena - https://osm.org/node/11035914869
INFO:root:Added stop: Kara - https://osm.org/node/11036026882
INFO:root:Added stop: Anfo Meda - https://osm.org/node/11036753217
INFO:root:Added stop: Tulu Dimtu Adebabay - https://osm.org/node/11036769860
INFO:root:Added stop: Saris Abo - https://osm.org/node/11036769861
INFO:root:Added stop: Dil Ber - https://osm.org/node/11037128648
INFO:root:Added stop: Mama - https://osm.org/node/11037149942
INFO:root:Added stop: Sebeta - https://osm.org/node/11037149943
INFO:root:Added stop: Sebeta - https://osm.org/node/11037149944
INFO:root:Added stop: Darmar - https://osm.org/node/11037175582
INFO:root:Added stop: Gefersa - https://osm.org/node/11037329865
INFO:root:Added stop: Gefersa - https://osm.org/node/11037329866
INFO:root:Added stop: Sansusi - https://osm.org/node/11037329868
INFO:root:Added stop: Sansusi - https://osm.org/node/11037329869
INFO:root:Added stop: Feli Doro - https://osm.org/node/11037663903
INFO:root:Added stop: Wessen Michael - https://osm.org/node/11037663904
INFO:root:Added stop: Kara - https://osm.org/node/11037676705
INFO:root:Added stop: Legetafo - https://osm.org/node/11037676706
INFO:root:Added stop: CDC - https://osm.org/node/11037676707
INFO:root:Added stop: CDC - https://osm.org/node/11037676708
INFO:root:Added stop: CDC - https://osm.org/node/11037676709
INFO:root:Added stop: MNS - https://osm.org/node/11037676710
INFO:root:Added stop: Legedadi - https://osm.org/node/11037676711
INFO:root:Added stop: Legedadi - https://osm.org/node/11037676712
INFO:root:Added stop: AB007 (Unknown) - https://osm.org/node/11037676713
INFO:root:Added stop: AB007 (Unknown) - https://osm.org/node/11037676714
INFO:root:Added stop: 44 Mazoriya - https://osm.org/node/11037676715
INFO:root:Added stop: 44 Mazoriya - https://osm.org/node/11037676716
INFO:root:Added stop: Legeberi - https://osm.org/node/11037676718
INFO:root:Added stop: Ejere - https://osm.org/node/11037676720
INFO:root:Added stop: Dire Mazoriya - https://osm.org/node/11037676721
INFO:root:Added stop: Dire Mazoriya - https://osm.org/node/11037676722
INFO:root:Added stop: AB007 (Unknown) - https://osm.org/node/11037676724
INFO:root:Added stop: Sendafa - https://osm.org/node/11037676725
INFO:root:Added stop: Sendafa - https://osm.org/node/11037676726
INFO:root:Added stop: Sendafa - https://osm.org/node/11037676727
INFO:root:Added stop: Sendafa - https://osm.org/node/11037676728
INFO:root:Added stop: AB007 (Unknown) - https://osm.org/node/11037676729
INFO:root:Added stop: AB007 (Unknown) - https://osm.org/node/11037676730
INFO:root:Added stop: AB007 (Unknown) - https://osm.org/node/11037676731
INFO:root:Added stop: AB007 (Unknown) - https://osm.org/node/11037676732
INFO:root:Added stop: AB007 (Unknown) - https://osm.org/node/11037676734
INFO:root:Added stop: AB007 (Unknown) - https://osm.org/node/11037676735
INFO:root:Added stop: AB007 (Unknown) - https://osm.org/node/11037676736
INFO:root:Added stop: AB007 (Unknown) - https://osm.org/node/11037676737
INFO:root:Added stop: AB007 (Unknown) - https://osm.org/node/11037676738
INFO:root:Added stop: Aleltu - https://osm.org/node/11037676739
INFO:root:Added stop: Aleltu - https://osm.org/node/11037676740
INFO:root:Added stop: AB007 (Unknown) - https://osm.org/node/11037676741
INFO:root:Added stop: AB007 (Unknown) - https://osm.org/node/11037676742
INFO:root:Added stop: AB007 (Unknown) - https://osm.org/node/11037676743
INFO:root:Added stop: Aleltu Primary School - https://osm.org/node/11037676744
INFO:root:Added stop: Aleltu - https://osm.org/node/11037676745
INFO:root:Added stop: Aleltu - https://osm.org/node/11037676746
INFO:root:Added stop: Akaki Beretaberet - https://osm.org/node/11056827967
INFO:root:Added stop: 02 Kebele - https://osm.org/node/11056827968
INFO:root:Added stop: Bercheko Fabrica (Asko) - https://osm.org/node/11056827970
INFO:root:Added stop: Aba Kiros Roundabout - https://osm.org/node/11057053412
INFO:root:Added stop: Sululta - https://osm.org/node/11083569807
INFO:root:Added stop: Sululta - https://osm.org/node/11083569808
INFO:root:Added stop: Kality Total - https://osm.org/node/11141680766
INFO:root:Added stop: Gelan Condominium - https://osm.org/node/11141680767
INFO:root:Added stop: Tulu Dimtu Unisa - https://osm.org/node/11141680768
INFO:root:Added stop: Delta Fuel Station - https://osm.org/node/11141680769
INFO:root:Added stop: Sidama Awash NOC - https://osm.org/node/11141680770
INFO:root:Added stop: Atlas Resort - https://osm.org/node/11141680771
INFO:root:Added stop: KOSPI - https://osm.org/node/11141680772
INFO:root:Added stop: Gelan - https://osm.org/node/11141680773
INFO:root:Added stop: Gelan Customs - https://osm.org/node/11141680774
INFO:root:Added stop: Dukem - https://osm.org/node/11141680775
INFO:root:Added stop: Dukem - https://osm.org/node/11141680777
INFO:root:Added stop: Abysinnia Bank Oda Nebie Branch - https://osm.org/node/11141680778
INFO:root:Added stop: Elsewdy - https://osm.org/node/11141680779
INFO:root:Added stop: Gelan Customs - https://osm.org/node/11141680780
INFO:root:Added stop: Gelan - https://osm.org/node/11141680781
INFO:root:Added stop: KOSPI - https://osm.org/node/11141680782
INFO:root:Added stop: Adal Bamboo Industrial PLC - https://osm.org/node/11141680783
INFO:root:Added stop: Tulu Dimtu - https://osm.org/node/11141680784
INFO:root:Added stop: Awash Bank (Akaki Kality) - https://osm.org/node/11141680785
INFO:root:Added stop: Goro Primary School - https://osm.org/node/11141680786
INFO:root:Added stop: Goro Roundabout - https://osm.org/node/11141680787
INFO:root:Added stop: Eldana Pharmacy - https://osm.org/node/11141680789
INFO:root:Added stop: Bishoftu Harar Supermarket - https://osm.org/node/11141680790
INFO:root:Added stop: Bishoftu (Pyramid Paradise) - https://osm.org/node/11141680791
INFO:root:Added stop: Bishoftu (Eyasu Meda) - https://osm.org/node/11141680792
INFO:root:Added stop: Bishoftu - https://osm.org/node/11141680793
INFO:root:Added stop: Bishoftu - https://osm.org/node/11141680794
INFO:root:Added stop: Debre Zeit - https://osm.org/node/11141680795
INFO:root:Added stop: Debre Zeit - https://osm.org/node/11141680797
INFO:root:Added stop: Bishoftu - https://osm.org/node/11141680798
INFO:root:Added stop: Bishoftu - https://osm.org/node/11141680799
INFO:root:Added stop: Eastern Industry Zone - https://osm.org/node/11141680800
INFO:root:Added stop: Bishoftu (Eyasu Meda) - https://osm.org/node/11141680801
INFO:root:Added stop: Eastern Industry Zone - https://osm.org/node/11141680802
INFO:root:Added stop: Eldana Pharmacy - https://osm.org/node/11141680803
INFO:root:Added stop: Debre Zeit (Toll Exit) - https://osm.org/node/11141680804
INFO:root:Added stop: Tulu Dimtu - https://osm.org/node/11141681405
INFO:root:Added stop: 4 Menta Adebabay - https://osm.org/node/11381041307
INFO:root:Added stop: 58 Mazoria - https://osm.org/node/11381108818
INFO:root:Added stop: Saris - https://osm.org/node/11381108819
INFO:root:Added stop: Saris - https://osm.org/node/11381108821
INFO:root:Added stop: 58 Mazoria - https://osm.org/node/11381108822
INFO:root:Added stop: Hana Maryam - https://osm.org/node/11381108824
INFO:root:Added stop: Stadium - https://osm.org/node/11381162441
INFO:root:Added stop: Stadium - https://osm.org/node/11381162442
INFO:root:Added stop: Ayer Tena - https://osm.org/node/11381232890
INFO:root:Added stop: Semen Hotel - https://osm.org/node/11399912953
INFO:root:Added stop: Raguel Church - https://osm.org/node/11399912962
INFO:root:Added stop: Raguel Church - https://osm.org/node/11399912963
INFO:root:Added stop: Jemmo 3 - https://osm.org/node/11400026865
INFO:root:Added stop: Kela - https://osm.org/node/11401143487
INFO:root:Added stop: Mexico - https://osm.org/node/11401627123
INFO:root:Added stop: Arat Kilo - https://osm.org/node/11403841172
INFO:root:Added stop: Autobis Tera - https://osm.org/node/11405450798
INFO:root:Added stop: Megenagna - https://osm.org/node/11406154070
INFO:root:Added stop: Sebeta - https://osm.org/node/11409547051
INFO:root:Added stop: Sebeta - https://osm.org/node/11409547052
INFO:root:Added stop: Haile Garment - https://osm.org/node/11409931056
INFO:root:Added stop: Chera Medhanilem - https://osm.org/node/11409931057
INFO:root:Added stop: Mesalemia - https://osm.org/node/11409931058
INFO:root:Added stop: Gelan Condominium - https://osm.org/node/11409931059
INFO:root:Added stop: Gelan Condominium - https://osm.org/node/11409931061
INFO:root:Added stop: Bole Bridge - https://osm.org/node/11414368236
INFO:root:Added stop: Kidane Mihret - https://osm.org/node/11506737713
INFO:root:Added stop: Kidane Mihret - https://osm.org/node/11506737714
INFO:root:Added stop: Merkato - https://osm.org/node/11524560444
INFO:root:Added stop: Merkato - https://osm.org/node/11524560448
INFO:root:Added stop: Blu Water Factory - https://osm.org/node/11524560457
INFO:root:Added stop: Surqa Harbu - https://osm.org/node/11524582070
INFO:root:Added stop: Blu Water Factory - https://osm.org/node/11524582071
INFO:root:Added stop: Kolobo - https://osm.org/node/11524582073
INFO:root:Added stop: Gift Guesthouse - https://osm.org/node/11543153086
INFO:root:Added stop: Menagesha - https://osm.org/node/11543153087
INFO:root:Added stop: Gebeya - https://osm.org/node/11543153088
INFO:root:Added stop: Kolobo 1st School - https://osm.org/node/11543153089
INFO:root:Added stop: Kolobo - https://osm.org/node/11543153090
INFO:root:Added stop: Kolobo 1st School - https://osm.org/node/11543153091
INFO:root:Added stop: Gebeya - https://osm.org/node/11543153092
INFO:root:Added stop: Menagesha - https://osm.org/node/11543153093
INFO:root:Added stop: Gift Guesthouse - https://osm.org/node/11543153094
INFO:root:Added stop: Holeta - https://osm.org/node/11543153095
INFO:root:Removed 0 unused stops
INFO:root:Removed 0 unused routes
Timezone not checked (install pytz package for timezone validation)
Generating schedule for line: 10400029
Generating schedule for line: 10400258
Generating schedule for line: 10400405
Generating schedule for line: 10406491
Generating schedule for line: 10407732
Generating schedule for line: 10410198
Generating schedule for line: 10441511
Generating schedule for line: 10547202
Generating schedule for line: 10550063
Generating schedule for line: 10550163
Generating schedule for line: 10550650
Generating schedule for line: 10551230
Generating schedule for line: 10551231
Generating schedule for line: 10551605
Generating schedule for line: 15625520
Generating schedule for line: 15656246
Generating schedule for line: 16067901
Generating schedule for line: 16068007
Generating schedule for line: 16068572
Generating schedule for line: 16068674
Generating schedule for line: 16068754
Generating schedule for line: 16068915
Generating schedule for line: 16069113
Generating schedule for line: 16069192
Generating schedule for line: 16069231
Generating schedule for line: 16069472
Generating schedule for line: 16069558
Generating schedule for line: 16070513
Generating schedule for line: 16070566
Generating schedule for line: 16070654
Generating schedule for line: 16071249
Generating schedule for line: 16071322
Generating schedule for line: 16071554
Generating schedule for line: 16071657
Generating schedule for line: 16071828
Generating schedule for line: 16072018
Generating schedule for line: 16072169
Generating schedule for line: 16072247
Generating schedule for line: 16072458
Generating schedule for line: 16074160
Generating schedule for line: 16074208
Generating schedule for line: 16074342
Generating schedule for line: 16074676
Generating schedule for line: 16074771
Generating schedule for line: 16074871
Generating schedule for line: 16075030
Generating schedule for line: 16112803
Generating schedule for line: 16112804
Generating schedule for line: 16112805
Generating schedule for line: 16112806
Generating schedule for line: 16113471
Generating schedule for line: 16148441
Generating schedule for line: 16148442
Generating schedule for line: 16148443
Generating schedule for line: 16151480
Generating schedule for line: 16151481
Generating schedule for line: 16239079
Generating schedule for line: 16239080
Generating schedule for line: 16290773
Generating schedule for line: 16763531
Generating schedule for line: 16763585
Generating schedule for line: 16763690
Generating schedule for line: 16763761
Generating schedule for line: 16763787
Generating schedule for line: 16795336
Generating schedule for line: 16804748
Generating schedule for line: 16807587
Generating schedule for line: 16810442
Generating schedule for line: 16816053
Generating schedule for line: 16822706
Generating schedule for line: 17011008
All services are defined on a weekly basis from 2019-12-01 to 2099-12-31 with
no single day variations. If there are exceptions such as holiday service
dates please ensure they are listed in calendar_dates.txt
The stops "Debre Zeit" (ID node/11141680797) and "Debre Zeit" (ID
node/11141680795) are 0.71m apart and probably represent the same location.
The stops "Dukem" (ID node/11141680777) and "Dukem" (ID node/11141680775) are
0.83m apart and probably represent the same location.
The stops "Akaki Beretaberet" (ID node/11056827967) and "Akaki Beretaberet"
(ID node/7037142448) are 1.33m apart and probably represent the same location.
The stops "Sebeta" (ID node/11037149944) and "Sebeta" (ID node/11037149943)
are 0.61m apart and probably represent the same location.
The stops "Alem Gena" (ID node/7041052917) and "Alem Gena" (ID
node/7041052916) are 1.64m apart and probably represent the same location.
The stops "Abo Junction" (ID node/7041071289) and "Saris Abo" (ID
node/11034015157) are 1.10m apart and probably represent the same location.
The stops "Lideta Condominium" (ID node/11035607131) and "Lideta (Balcha
Hospital)" (ID node/7041071430) are 0.45m apart and probably represent the
same location.
The stops "Tor Hailoch Junction" (ID node/7041071446) and "Torhailoch" (ID
node/11035234709) are 0.58m apart and probably represent the same location.
The stops "6th (Raddison Blu)" (ID node/7041071359) and "6th (Raddison Blu)"
(ID node/7067990020) are 0.16m apart and probably represent the same location.
The stops "Megenagna" (ID node/11406154070) and "Marathon Motor (Megenagna)"
(ID node/7037142417) are 0.59m apart and probably represent the same location.
The stops "Autobis Tera" (ID node/11405450798) and "Autobis Tera" (ID
node/11034611751) are 1.78m apart and probably represent the same location.
The stops "Ras Mekonene Bridge (Seba Dereja)" (ID node/7041071628) and "Ras
Mekonene Bridge (Seba Dereja)" (ID node/7057002162) are 1.14m apart and
probably represent the same location.
The stops "Millenium School" (ID node/7041071602) and "Millenium School" (ID
node/11035240259) are 1.79m apart and probably represent the same location.
The stops "Kolobo 1st School" (ID node/11543153089) and "Kolobo 1st School"
(ID node/11543153091) are 1.50m apart and probably represent the same
location.
The stops "Holeta" (ID node/10672522047) and "Holeta" (ID node/11543153095)
are 1.48m apart and probably represent the same location.
The stops "Sululta" (ID node/11083569808) and "Sululta" (ID node/11083569807)
are 1.03m apart and probably represent the same location.
The stops "Aleltu" (ID node/11037676746) and "Aleltu" (ID node/11037676745)
are 0.16m apart and probably represent the same location.
High speed travel detected in trip 51: Megenagna to Shola Gebeya. 657 meters
in 17 seconds. (139 km/h).
High speed travel detected in trip 51: Shola Gebeya to Abebe Sook. 831 meters
in 22 seconds. (136 km/h).
High speed travel detected in trip 51: Abebe Sook to Belgium Embassy. 629
meters in 16 seconds. (142 km/h).
High speed travel detected in trip 51: Belgium Embassy to Kokebe Tsebah
School. 506 meters in 14 seconds. (130 km/h).
High speed travel detected in trip 51: Kokebe Tsebah School to Bel Air. 842
meters in 22 seconds. (138 km/h).
High speed travel detected in trip 51: Bel Air to 4 Kilo. 1078 meters in 28
seconds. (139 km/h).
High speed travel detected in trip 51: 4 Kilo to Education Bureau (6 Kilo).
1093 meters in 28 seconds. (141 km/h).
High speed travel detected in trip 51: Education Bureau (6 Kilo) to 3rd
Shaleka. 640 meters in 17 seconds. (136 km/h).
High speed travel detected in trip 51: 3rd Shaleka to Mezan. 804 meters in 21
seconds. (138 km/h).
High speed travel detected in trip 51: Mezan to Abo Mazoriya. 718 meters in 19
seconds. (136 km/h).
High speed travel detected in trip 51: Abo Mazoriya to Biret Dildiy (Bono
Wuha). 492 meters in 13 seconds. (136 km/h).
High speed travel detected in trip 51: Biret Dildiy (Bono Wuha) to Tena Tabya.
325 meters in 8 seconds. (146 km/h).
High speed travel detected in trip 51: Tena Tabya to Gurara. 563 meters in 15
seconds. (135 km/h).
